
Loading the model ...
  input file   : /home/rstudio/projects/boettiger-lab/pomdp-intro/appendix/appendix_alphas/14236e7ff3e6.pomdpx
  loading time : 6.77s 

SARSOP initializing ...
  initialization time : 1892.09s

-------------------------------------------------------------------------------
 Time   |#Trial |#Backup |LBound    |UBound    |Precision  |#Alphas |#Beliefs  
-------------------------------------------------------------------------------
 1892.09 0       0        13.6076    18.5252    4.91765     100      1        
 1895.37 1       50       16.7541    18.434     1.67995     40       34       
 1897.75 2       113      16.9706    18.4327    1.46215     60       43       
 1911.41 2       150      16.9706    18.4327    1.46215     92       80       
 1919.84 3       215      17.3704    18.4322    1.06184     50       94       
 1947.3  3       250      17.3704    18.4322    1.06184     26       129      
 1972.12 4       333      17.5368    18.4315    0.894745    19       153      
 1991    4       350      17.5368    18.4315    0.894745    20       170      
 2051.07 5       453      17.6694    18.4314    0.762053    26       213      
 2052.47 5       454      17.6694    18.4314    0.762053    26       214      
 2131.98 5       500      17.6694    18.4314    0.762053    15       260      
 2156.3  6       577      17.7888    18.4312    0.642441    15       274      
 2200.56 6       600      17.7888    18.4312    0.642441    18       297      
 2285.74 7       701      17.881     18.431     0.550015    17       336      
 2287.89 7       702      17.881     18.431     0.550015    18       337      
 2410.75 7       750      17.881     18.431     0.550015    23       385      
 2441.97 8       829      17.9466    18.4308    0.484174    19       399      
 2503.27 8       850      17.9466    18.4308    0.484174    18       420      
 2634.44 9       951      17.9919    18.4308    0.438915    23       460      
 2637.77 9       952      17.9919    18.4308    0.438915    23       461      
 2819.36 9       1000     17.9919    18.4308    0.438915    32       509      
 2865.07 10      1083     18.0362    18.4306    0.394315    24       525      
 2926.98 10      1100     18.0362    18.4306    0.394315    22       542      
 3107.91 11      1211     18.06      18.4301    0.370139    28       589      
 3111.49 11      1212     18.06      18.4301    0.370139    28       590      
 3268.67 11      1250     18.06      18.4301    0.370139    31       628      
 3350.93 12      1327     18.0708    18.43      0.359188    25       647      
 3451.87 12      1350     18.0708    18.43      0.359188    26       670      
 3620.29 13      1451     18.0875    18.4299    0.342391    29       709      
 3624.11 13      1452     18.0875    18.4299    0.342391    30       710      
 3844.62 13      1500     18.0875    18.4299    0.342391    28       758      
 3899.98 14      1579     18.1036    18.4298    0.326152    28       773      
 3994.86 14      1600     18.1036    18.4298    0.326152    29       794      
 4215.78 15      1709     18.1156    18.4297    0.314047    27       838      
 4220.6  15      1710     18.1156    18.4297    0.314047    27       839      
 4461.46 15      1750     18.1156    18.4297    0.314047    36       879      
 4578.75 16      1827     18.1199    18.4296    0.309672    30       897      
 4729.63 16      1850     18.1199    18.4296    0.309672    35       920      
 5014.66 17      1955     18.1266    18.4295    0.302925    28       961      
 5020.51 17      1956     18.1266    18.4295    0.302925    27       962      
 5369.21 17      2000     18.1266    18.4295    0.302925    39       1006     
 5491.47 18      2075     18.1317    18.4294    0.297634    33       1020     
 5705.2  18      2100     18.1317    18.4294    0.297634    35       1045     
 6038.59 19      2199     18.1377    18.4293    0.291627    23       1081     
 6046.52 19      2200     18.1377    18.4293    0.291627    24       1082     
 6545.02 19      2250     18.1377    18.4293    0.291627    36       1132     
 6676.98 20      2341     18.1474    18.4293    0.281912    39       1151     
 6767.27 20      2350     18.1474    18.4293    0.281912    41       1160     
 7399.24 20      2400     18.1474    18.4293    0.281912    41       1210     
 7437.15 21      2467     18.1511    18.4293    0.278139    44       1213     
 7882.64 21      2500     18.1511    18.4293    0.278139    54       1246     
 8324.57 22      2605     18.1557    18.4291    0.273449    34       1281     
 8324.83 22      2606     18.1557    18.4291    0.273449    34       1281     
 8888.82 22      2650     18.1557    18.4291    0.273449    35       1323     
 9122.62 23      2735     18.1605    18.4291    0.2686      28       1342     
 9314.83 23      2750     18.1605    18.4291    0.2686      35       1357     
 10008.7 23      2800     18.1605    18.4291    0.2686      41       1407     
 10021.7 24      2869     18.1637    18.4291    0.265406    43       1408     
 10498.8 24      2900     18.1637    18.4291    0.265406    40       1439     
 11022.6 25      2999     18.1665    18.4291    0.262601    37       1472     
 11036.7 25      3000     18.1665    18.4291    0.262601    38       1473     
 11913.6 25      3050     18.1665    18.4291    0.262601    51       1523     
 12084   26      3121     18.1671    18.4291    0.262007    52       1532     
 12616.2 26      3150     18.1671    18.4291    0.262007    50       1561     
 13304.1 27      3265     18.172     18.429     0.256971    38       1603     
 13304.4 27      3266     18.172     18.429     0.256971    38       1603     
 13954.1 27      3300     18.172     18.429     0.256971    44       1637     
 14529.8 28      3401     18.1768    18.429     0.252136    35       1669     
 14546.5 28      3402     18.1768    18.429     0.252136    35       1670     
 15545.5 28      3450     18.1768    18.429     0.252136    46       1718     
 15804.2 29      3527     18.1774    18.429     0.251532    43       1731     
 16277.8 29      3550     18.1774    18.429     0.251532    48       1753     
 17204.1 30      3671     18.1811    18.4288    0.247648    43       1801     
 17223.1 30      3672     18.1811    18.4288    0.247648    44       1802     
 17794.8 30      3700     18.1811    18.4288    0.247648    50       1830     
 18454   31      3795     18.1824    18.4288    0.246375    57       1862     
 18552.2 31      3800     18.1824    18.4288    0.246375    58       1867     
 19659.9 31      3850     18.1824    18.4288    0.246375    60       1917     
 19778.6 32      3919     18.1834    18.4288    0.245329    64       1923     
 20466.1 32      3950     18.1834    18.4288    0.245329    76       1953     
-------------------------------------------------------------------------------

SARSOP finishing ...
  Preset timeout reached
  Timeout     : 20000.000000s
  Actual Time : 20466.110000s

-------------------------------------------------------------------------------
 Time   |#Trial |#Backup |LBound    |UBound    |Precision  |#Alphas |#Beliefs  
-------------------------------------------------------------------------------
 20466.1 32      3950     18.1834    18.4288    0.245329    76       1953     
-------------------------------------------------------------------------------

Writing out policy ...
  output file : appendix_alphas/14236e7ff3e6.policyx

