
Loading the model ...
  input file   : /home/rstudio/projects/boettiger-lab/pomdp-intro/appendix/appendix_alphas/14246e7ff3e6.pomdpx
  loading time : 5.32s 

SARSOP initializing ...
  initialization time : 6196.19s

-------------------------------------------------------------------------------
 Time   |#Trial |#Backup |LBound    |UBound    |Precision  |#Alphas |#Beliefs  
-------------------------------------------------------------------------------
 6196.19 0       0        10.4983    16.5788    6.08056     100      1        
 6211.58 0       50       10.8431    16.4964    5.65335     43       35       
 6222.37 1       121      12.0499    16.4948    4.44498     7        45       
 6254.04 1       150      12.0499    16.4948    4.44498     7        70       
 6315.5  2       245      12.6817    16.494     3.81228     6        98       
 6325.06 2       250      12.6817    16.494     3.81228     5        102      
 6484.53 2       300      12.6817    16.494     3.81228     6        147      
 6523.87 3       373      13.2174    16.4935    3.27606     6        155      
 6545.32 3       400      13.2174    16.4935    3.27606     6        161      
 6588.5  4       507      13.4791    16.4929    3.01383     6        170      
 6588.55 4       508      13.4791    16.4929    3.01383     6        170      
 6803.68 4       550      13.4791    16.4929    3.01383     6        206      
 6982.58 5       639      13.8135    16.4928    2.67926     8        228      
 7073.48 5       650      13.8135    16.4928    2.67926     7        239      
 7617.42 5       700      13.8135    16.4928    2.67926     7        289      
 7682.57 6       773      14.0485    16.4926    2.44418     11       294      
 7974.6  6       800      14.0485    16.4926    2.44418     8        317      
 8612.29 7       907      14.2475    16.4925    2.24499     11       355      
 8630.36 7       908      14.2475    16.4925    2.24499     12       356      
 9215.49 7       950      14.2475    16.4925    2.24499     6        390      
 9694.82 8       1043     14.4119    16.4921    2.08016     9        414      
 9814.97 8       1050     14.4119    16.4921    2.08016     6        420      
 10773.3 8       1100     14.4119    16.4921    2.08016     8        464      
 10984.1 9       1179     14.5246    16.492     1.96744     7        474      
 11189.4 9       1200     14.5246    16.492     1.96744     6        485      
 11767.8 10      1317     14.6246    16.4919    1.86727     7        514      
 11767.9 10      1318     14.6246    16.4919    1.86727     7        514      
 12233.3 10      1350     14.6246    16.4919    1.86727     6        536      
 12708.8 11      1455     14.6983    16.4918    1.79348     10       557      
 12708.9 11      1456     14.6983    16.4918    1.79348     10       557      
 13820.9 11      1500     14.6983    16.4918    1.79348     10       600      
 14526.8 12      1593     14.7799    16.4917    1.7118      11       623      
 14527   12      1600     14.7799    16.4917    1.7118      6        623      
 14912.9 12      1650     14.7799    16.4917    1.7118      10       636      
 15268.9 13      1731     14.848     16.4916    1.64357     11       647      
 15653.2 13      1750     14.848     16.4916    1.64357     7        660      
 16092.6 14      1800     14.848     16.4916    1.64357     10       673      
 16093.6 14      1869     14.9029    16.4915    1.58867     13       673      
 16770.8 14      1900     14.9029    16.4915    1.58867     7        693      
 17802.4 15      2009     14.9628    16.4914    1.52865     14       721      
 17840.6 15      2010     14.9628    16.4914    1.52865     13       722      
 19410.7 15      2050     14.9628    16.4914    1.52865     8        762      
 20437.7 16      2149     15.022     16.4914    1.46942     11       790      
-------------------------------------------------------------------------------

SARSOP finishing ...
  Preset timeout reached
  Timeout     : 20000.000000s
  Actual Time : 20437.700000s

-------------------------------------------------------------------------------
 Time   |#Trial |#Backup |LBound    |UBound    |Precision  |#Alphas |#Beliefs  
-------------------------------------------------------------------------------
 20437.7 16      2149     15.022     16.4914    1.46942     11       790      
-------------------------------------------------------------------------------

Writing out policy ...
  output file : appendix_alphas/14246e7ff3e6.policyx

