
Loading the model ...
  input file   : /home/rstudio/pomdp-intro/appendix/appendix_alphas/16410055c31.pomdpx
  loading time : 4.67s 

SARSOP initializing ...
  initialization time : 1783.31s

-------------------------------------------------------------------------------
 Time   |#Trial |#Backup |LBound    |UBound    |Precision  |#Alphas |#Beliefs  
-------------------------------------------------------------------------------
 1783.31 0       0        13.6076    18.5251    4.91757     100      1        
 1785.79 1       50       16.9275    18.4337    1.50624     40       40       
 1789.35 2       115      17.3631    18.4336    1.0705      44       59       
 1797.28 2       150      17.3631    18.4336    1.0705      44       94       
 1800.8  3       205      17.6252    18.4336    0.808316    58       104      
 1819.52 3       250      17.6252    18.4336    0.808316    20       149      
 1820.6  4       300      17.7658    18.4334    0.667552    28       152      
 1840.27 5       383      17.896     18.4334    0.537413    15       192      
 1849.22 5       400      17.896     18.4334    0.537413    15       209      
 1870.09 6       477      17.9762    18.4333    0.457045    13       238      
 1879    6       500      17.9762    18.4333    0.457045    19       261      
 1898.53 7       577      18.028     18.4331    0.405151    19       287      
 1916.88 7       600      18.028     18.4331    0.405151    16       310      
 1938.31 8       685      18.1057    18.433     0.32729     28       341      
 1950.64 8       700      18.1057    18.433     0.32729     25       356      
 1991.76 9       797      18.1344    18.4329    0.298497    20       396      
 1993.18 9       800      18.1344    18.4329    0.298497    19       398      
 2054.37 9       850      18.1344    18.4329    0.298497    19       448      
 2055.41 10      905      18.1688    18.4329    0.264085    21       449      
 2119.62 10      950      18.1688    18.4329    0.264085    18       494      
 2134.5  11      1019     18.1818    18.4328    0.251016    15       505      
 2182.05 11      1050     18.1818    18.4328    0.251016    17       536      
 2218.82 12      1129     18.1964    18.4328    0.236467    21       560      
 2251.94 12      1150     18.1964    18.4328    0.236467    18       581      
 2324.46 13      1249     18.2113    18.4327    0.221386    14       619      
 2326.24 13      1250     18.2113    18.4327    0.221386    14       620      
 2424.11 13      1300     18.2113    18.4327    0.221386    17       670      
 2432.86 14      1363     18.2241    18.4327    0.208633    27       676      
 2511.32 14      1400     18.2241    18.4327    0.208633    18       713      
 2556.45 15      1479     18.2331    18.4326    0.199467    17       734      
 2593.75 15      1500     18.2331    18.4326    0.199467    23       755      
 2677.57 16      1599     18.2437    18.4324    0.188698    19       793      
 2677.73 16      1600     18.2437    18.4324    0.188698    19       793      
 2792.01 16      1650     18.2437    18.4324    0.188698    16       842      
 2806.35 17      1717     18.2525    18.4324    0.179877    20       849      
 2898.96 17      1750     18.2525    18.4324    0.179877    26       882      
 2979.94 18      1841     18.2559    18.4324    0.176475    20       910      
 3004.13 18      1850     18.2559    18.4324    0.176475    22       919      
 3163.35 18      1900     18.2559    18.4324    0.176475    26       969      
 3172.59 19      1971     18.2608    18.4323    0.17151     24       974      
 3279.79 19      2000     18.2608    18.4323    0.17151     25       1003     
 3398.53 20      2095     18.2629    18.4323    0.169337    21       1035     
 3412.79 20      2100     18.2629    18.4323    0.169337    26       1039     
 3595.28 20      2150     18.2629    18.4323    0.169337    30       1089     
 3614.77 21      2221     18.2648    18.4323    0.167456    23       1096     
 3714.16 21      2250     18.2648    18.4323    0.167456    22       1123     
 3838.16 22      2343     18.2663    18.4323    0.165978    22       1154     
 3863.08 22      2350     18.2663    18.4323    0.165978    25       1160     
 4088.89 22      2400     18.2663    18.4323    0.165978    33       1210     
 4101.37 23      2467     18.2681    18.4323    0.164177    19       1214     
 4236.32 23      2500     18.2681    18.4323    0.164177    27       1244     
 4365.14 24      2589     18.2697    18.4323    0.162544    19       1271     
 4408.66 24      2600     18.2697    18.4323    0.162544    21       1282     
 4644.62 25      2650     18.2697    18.4323    0.162544    21       1331     
 4646.64 25      2711     18.275     18.4322    0.157252    18       1331     
 4791.35 25      2750     18.275     18.4322    0.157252    20       1366     
 4903.09 26      2833     18.2782    18.4322    0.15403     25       1387     
 5100.54 26      2850     18.2782    18.4322    0.15403     33       1402     
 5641.99 27      2957     18.2788    18.4322    0.153453    25       1446     
 5642.44 27      2958     18.2788    18.4322    0.153453    26       1446     
 5892.16 27      3000     18.2788    18.4322    0.153453    30       1487     
 5985.47 28      3079     18.2799    18.4322    0.152316    19       1504     
 6109.95 28      3100     18.2799    18.4322    0.152316    26       1521     
 6368.3  29      3201     18.2816    18.4322    0.150615    22       1560     
 6368.7  29      3202     18.2816    18.4322    0.150615    22       1560     
 6671.65 29      3250     18.2816    18.4322    0.150615    24       1604     
 6731.41 30      3323     18.2826    18.4322    0.149655    20       1615     
 6949.17 30      3350     18.2826    18.4322    0.149655    27       1640     
 7245.41 31      3445     18.2831    18.4322    0.14914     24       1673     
 7303    31      3450     18.2831    18.4322    0.14914     28       1677     
 7885.09 31      3500     18.2831    18.4322    0.14914     43       1727     
 7909.32 32      3565     18.2837    18.4322    0.148535    25       1731     
 8165.27 32      3600     18.2837    18.4322    0.148535    32       1763     
 8306.06 33      3687     18.2848    18.4322    0.147417    21       1788     
 8408.62 33      3700     18.2848    18.4322    0.147417    23       1799     
 8759.17 34      3809     18.2854    18.4322    0.146834    23       1846     
 8759.63 34      3810     18.2854    18.4322    0.146834    23       1846     
 9099.48 34      3850     18.2854    18.4322    0.146834    35       1884     
 9212.48 35      3929     18.2863    18.4322    0.145975    28       1902     
 9394.07 35      3950     18.2863    18.4322    0.145975    37       1921     
 9753.45 36      4049     18.287     18.4322    0.145243    30       1959     
 9754.02 36      4050     18.287     18.4322    0.145243    31       1959     
 10280.6 36      4100     18.287     18.4322    0.145243    32       2008     
 10349.2 37      4169     18.2874    18.4322    0.144821    33       2017     
 10660.5 37      4200     18.2874    18.4322    0.144821    33       2048     
 10927.7 38      4289     18.2886    18.4322    0.143584    28       2076     
 11003.9 38      4300     18.2886    18.4322    0.143584    35       2085     
 11393.3 39      4409     18.289     18.4322    0.143122    33       2133     
 11393.8 39      4410     18.289     18.4322    0.143122    34       2133     
 11786.6 39      4450     18.289     18.4322    0.143122    37       2173     
 11943   40      4529     18.2892    18.4322    0.143011    28       2191     
 12124.1 40      4550     18.2892    18.4322    0.143011    34       2211     
 12463.4 41      4655     18.291     18.4322    0.141132    30       2252     
 12463.8 41      4656     18.291     18.4322    0.141132    30       2252     
 12803.2 41      4700     18.291     18.4322    0.141132    32       2296     
 12905.8 42      4779     18.293     18.4322    0.139189    28       2312     
 13086.7 42      4800     18.293     18.4322    0.139189    36       2332     
 13321.4 43      4899     18.2938    18.4322    0.138308    28       2370     
 13321.8 43      4900     18.2938    18.4322    0.138308    28       2370     
 13709.6 43      4950     18.2938    18.4322    0.138308    30       2420     
 13750.3 44      5021     18.2948    18.4321    0.137316    26       2429     
 13956.7 44      5050     18.2948    18.4321    0.137316    37       2457     
 14147.6 45      5141     18.2952    18.4321    0.136911    35       2487     
 14225.5 45      5150     18.2952    18.4321    0.136911    40       2496     
 14595.7 45      5200     18.2952    18.4321    0.136911    45       2546     
 14603.1 46      5265     18.2953    18.4321    0.136819    47       2548     
 14968.4 46      5300     18.2953    18.4321    0.136819    50       2582     
 15219.1 47      5385     18.2955    18.4321    0.136646    41       2606     
 15329.1 47      5400     18.2955    18.4321    0.136646    41       2618     
 15785.2 48      5509     18.2959    18.4321    0.136194    32       2664     
 15785.7 48      5510     18.2959    18.4321    0.136194    32       2664     
 16126.3 48      5550     18.2959    18.4321    0.136194    47       2704     
 16256.8 49      5631     18.2962    18.4321    0.135906    37       2723     
 16445.7 49      5650     18.2962    18.4321    0.135906    47       2739     
 16861.3 50      5755     18.2964    18.4321    0.135765    48       2781     
 16862   50      5756     18.2964    18.4321    0.135765    48       2781     
 17369.4 50      5800     18.2964    18.4321    0.135765    67       2825     
 17484.6 51      5877     18.2965    18.4321    0.135618    54       2840     
 17710.2 51      5900     18.2965    18.4321    0.135618    49       2858     
 18083.2 52      5997     18.2966    18.4321    0.13547     41       2894     
 18097.9 52      6000     18.2966    18.4321    0.13547     42       2895     
 18665.8 52      6050     18.2966    18.4321    0.13547     56       2945     
 18737   53      6119     18.2968    18.4321    0.135326    56       2952     
 19147.7 53      6150     18.2968    18.4321    0.135326    59       2978     
 19573.2 54      6239     18.2968    18.4321    0.1353      58       3006     
 19728.9 54      6250     18.2968    18.4321    0.1353      64       3014     
 20516.5 54      6300     18.2968    18.4321    0.1353      76       3064     
 20527.4 55      6365     18.2974    18.4321    0.134693    70       3065     
 21073.2 55      6400     18.2974    18.4321    0.134693    62       3099     
 21459.5 56      6487     18.2977    18.4321    0.134414    50       3124     
 21635.6 56      6500     18.2977    18.4321    0.134414    54       3135     
 22460.3 57      6609     18.2983    18.4321    0.133793    44       3183     
 22477.5 57      6610     18.2983    18.4321    0.133793    44       3184     
 23075.7 57      6650     18.2983    18.4321    0.133793    46       3224     
 23329.4 58      6729     18.2987    18.4321    0.133412    40       3242     
 23672   58      6750     18.2987    18.4321    0.133412    49       3263     
 24204.6 59      6849     18.2988    18.4321    0.133259    44       3301     
 24205.4 59      6850     18.2988    18.4321    0.133259    45       3301     
 24934.2 59      6900     18.2988    18.4321    0.133259    62       3350     
 25013.3 60      6969     18.2989    18.4321    0.133179    60       3359     
 25433.7 60      7000     18.2989    18.4321    0.133179    56       3390     
 25836.2 61      7095     18.3029    18.432     0.129046    48       3421     
 25890.9 61      7100     18.3029    18.432     0.129046    46       3424     
 26705.3 61      7150     18.3029    18.432     0.129046    54       3474     
 26797.8 62      7221     18.3034    18.432     0.128563    43       3481     
 27268.3 62      7250     18.3034    18.432     0.128563    60       3508     
 27803.9 63      7349     18.3036    18.432     0.128403    54       3542     
 27804.6 63      7350     18.3036    18.432     0.128403    55       3542     
 28642.1 63      7400     18.3036    18.432     0.128403    64       3591     
 28829.4 64      7475     18.3037    18.432     0.128288    41       3602     
 29286.5 64      7500     18.3037    18.432     0.128288    53       3626     
 29976.6 65      7603     18.3038    18.432     0.128154    45       3664     
 29977.4 65      7604     18.3038    18.432     0.128154    45       3664     
 30875.7 65      7650     18.3038    18.432     0.128154    58       3708     
 31070.4 66      7729     18.3039    18.432     0.128053    50       3723     
 31410.4 66      7750     18.3039    18.432     0.128053    54       3743     
 32193.6 67      7855     18.3041    18.432     0.127815    53       3784     
 32194.4 67      7856     18.3041    18.432     0.127815    54       3784     
 32985.8 67      7900     18.3041    18.432     0.127815    53       3826     
 33244.2 68      7981     18.3043    18.432     0.127675    51       3843     
 33570.8 68      8000     18.3043    18.432     0.127675    60       3859     
 34318.6 69      8107     18.3044    18.4319    0.127533    63       3902     
 34319.6 69      8108     18.3044    18.4319    0.127533    63       3902     
 35071.9 69      8150     18.3044    18.4319    0.127533    76       3944     
 35377.3 70      8235     18.3045    18.4319    0.127464    67       3964     
 35700.2 70      8250     18.3045    18.4319    0.127464    72       3977     
 36814.6 71      8363     18.3045    18.4319    0.127445    73       4025     
 36815.7 71      8364     18.3045    18.4319    0.127445    73       4025     
 37760.3 71      8400     18.3045    18.4319    0.127445    86       4061     
 38372.2 72      8493     18.3046    18.4319    0.127299    58       4088     
 38531.8 72      8500     18.3046    18.4319    0.127299    57       4095     
 39646.2 72      8550     18.3046    18.4319    0.127299    55       4145     
 39747.1 73      8619     18.3048    18.4319    0.12715     45       4150     
 40476.3 73      8650     18.3048    18.4319    0.12715     58       4179     
 41053.6 74      8747     18.3048    18.4319    0.127098    62       4211     
 41079.4 74      8750     18.3048    18.4319    0.127098    62       4212     
 42415.4 74      8800     18.3048    18.4319    0.127098    79       4262     
 42608.7 75      8873     18.3049    18.4319    0.127075    73       4271     
 43242   75      8900     18.3049    18.4319    0.127075    80       4297     
 43984.3 76      9007     18.3058    18.4317    0.12592     85       4336     
 43985.3 76      9008     18.3058    18.4317    0.12592     85       4336     
 44773.8 76      9050     18.3058    18.4317    0.12592     68       4378     
 45173.1 77      9135     18.3061    18.4317    0.125568    57       4398     
 45460.9 77      9150     18.3061    18.4317    0.125568    55       4410     
 46570.5 78      9263     18.3064    18.4317    0.125349    58       4458     
 46571.6 78      9264     18.3064    18.4317    0.125349    58       4458     
 47374.1 78      9300     18.3064    18.4317    0.125349    64       4494     
 47894.8 79      9389     18.3065    18.4317    0.125167    52       4519     
 48051.6 79      9400     18.3065    18.4317    0.125167    58       4528     
 49118.2 79      9450     18.3065    18.4317    0.125167    72       4578     
 49179.8 80      9517     18.3066    18.4317    0.125081    66       4580     
 49947.5 80      9550     18.3066    18.4317    0.125081    74       4610     
 50763.8 81      9643     18.3067    18.4317    0.125033    80       4639     
 50920   81      9650     18.3067    18.4317    0.125033    82       4644     
 52297.8 81      9700     18.3067    18.4317    0.125033    89       4694     
 52394.3 82      9769     18.3067    18.4317    0.124986    98       4699     
 53254.9 82      9800     18.3067    18.4317    0.124986    109      4726     
 54162.6 83      9897     18.3068    18.4317    0.124887    110      4758     
 54164.3 83      9900     18.3068    18.4317    0.124887    112      4758     
 55417.5 83      9950     18.3068    18.4317    0.124887    122      4808     
 55582.1 84      10023    18.3068    18.4317    0.124872    113      4817     
 56319.4 84      10050    18.3068    18.4317    0.124872    105      4840     
 57173.8 85      10155    18.3069    18.4317    0.124757    73       4878     
 57175.1 85      10156    18.3069    18.4317    0.124757    73       4878     
 58171.5 85      10200    18.3069    18.4317    0.124757    83       4917     
 58593.1 86      10279    18.307     18.4317    0.124674    70       4933     
 59066.6 86      10300    18.307     18.4317    0.124674    75       4952     
 59936.9 87      10405    18.3071    18.4317    0.124618    64       4993     
 59938.4 87      10406    18.3071    18.4317    0.124618    64       4993     
 60850.7 87      10450    18.3071    18.4317    0.124618    79       5035     
-------------------------------------------------------------------------------

SARSOP finishing ...
  Preset timeout reached
  Timeout     : 60000.000000s
  Actual Time : 60850.730000s

-------------------------------------------------------------------------------
 Time   |#Trial |#Backup |LBound    |UBound    |Precision  |#Alphas |#Beliefs  
-------------------------------------------------------------------------------
 60850.7 87      10450    18.3071    18.4317    0.124618    79       5035     
-------------------------------------------------------------------------------

Writing out policy ...
  output file : appendix_alphas/16410055c31.policyx

