
Loading the model ...
  input file   : /home/rstudio/pomdp-intro/appendix/appendix_alphas/16710055c31.pomdpx
  loading time : 4.92s 

SARSOP initializing ...
  initialization time : 1800.22s

-------------------------------------------------------------------------------
 Time   |#Trial |#Backup |LBound    |UBound    |Precision  |#Alphas |#Beliefs  
-------------------------------------------------------------------------------
 1800.22 0       0        13.6076    18.5252    4.91765     100      1        
 1803.87 1       50       16.7541    18.434     1.67995     40       34       
 1806.5  2       113      16.9706    18.4327    1.46215     60       43       
 1819.61 2       150      16.9706    18.4327    1.46215     92       80       
 1827.95 3       215      17.3704    18.4322    1.06184     50       94       
 1855.62 3       250      17.3704    18.4322    1.06184     26       129      
 1880.55 4       333      17.5368    18.4315    0.894745    19       153      
 1899.38 4       350      17.5368    18.4315    0.894745    20       170      
 1959.51 5       453      17.6694    18.4314    0.762053    26       213      
 1961.02 5       454      17.6694    18.4314    0.762053    26       214      
 2043.81 5       500      17.6694    18.4314    0.762053    15       260      
 2069.58 6       577      17.7888    18.4312    0.642441    15       274      
 2116.18 6       600      17.7888    18.4312    0.642441    18       297      
 2206.18 7       701      17.881     18.431     0.550015    17       336      
 2208.46 7       702      17.881     18.431     0.550015    18       337      
 2337.51 7       750      17.881     18.431     0.550015    23       385      
 2370.53 8       829      17.9466    18.4308    0.484174    19       399      
 2434.87 8       850      17.9466    18.4308    0.484174    18       420      
 2572.35 9       951      17.9919    18.4308    0.438915    23       460      
 2575.86 9       952      17.9919    18.4308    0.438915    23       461      
 2769.56 9       1000     17.9919    18.4308    0.438915    32       509      
 2820.21 10      1083     18.0362    18.4306    0.394315    24       525      
 2889.34 10      1100     18.0362    18.4306    0.394315    22       542      
 3100.18 11      1211     18.06      18.4301    0.370139    28       589      
 3104.53 11      1212     18.06      18.4301    0.370139    28       590      
 3308.52 11      1250     18.06      18.4301    0.370139    31       628      
 3414.78 12      1327     18.0708    18.43      0.359188    25       647      
 3544.2  12      1350     18.0708    18.43      0.359188    26       670      
 3776.39 13      1451     18.0875    18.4299    0.342391    29       709      
 3782.06 13      1452     18.0875    18.4299    0.342391    30       710      
 4140.93 13      1500     18.0875    18.4299    0.342391    28       758      
 4259    14      1579     18.1036    18.4298    0.326152    28       773      
 4453.96 14      1600     18.1036    18.4298    0.326152    29       794      
 4804.37 15      1709     18.1156    18.4297    0.314047    27       838      
 4811.46 15      1710     18.1156    18.4297    0.314047    27       839      
 5674.35 15      1750     18.1156    18.4297    0.314047    36       879      
 5905.58 16      1827     18.1199    18.4296    0.309672    30       897      
 6229.2  16      1850     18.1199    18.4296    0.309672    35       920      
 6967.44 17      1955     18.1266    18.4295    0.302925    28       961      
 6984.87 17      1956     18.1266    18.4295    0.302925    27       962      
 7937.44 17      2000     18.1266    18.4295    0.302925    39       1006     
 8169.32 18      2075     18.1317    18.4294    0.297634    33       1020     
 8560.12 18      2100     18.1317    18.4294    0.297634    35       1045     
 9174.25 19      2199     18.1377    18.4293    0.291627    23       1081     
 9188.75 19      2200     18.1377    18.4293    0.291627    24       1082     
 10009.7 19      2250     18.1377    18.4293    0.291627    36       1132     
 10175   20      2341     18.1474    18.4293    0.281912    39       1151     
 10301   20      2350     18.1474    18.4293    0.281912    41       1160     
 11096.9 20      2400     18.1474    18.4293    0.281912    41       1210     
 11144.6 21      2467     18.1511    18.4293    0.278139    44       1213     
 11696.8 21      2500     18.1511    18.4293    0.278139    54       1246     
 12231.4 22      2605     18.1557    18.4291    0.273449    34       1281     
 12231.7 22      2606     18.1557    18.4291    0.273449    34       1281     
 12977.8 22      2650     18.1557    18.4291    0.273449    35       1323     
 13302.7 23      2735     18.1605    18.4291    0.2686      28       1342     
 13580.6 23      2750     18.1605    18.4291    0.2686      35       1357     
 14565.3 23      2800     18.1605    18.4291    0.2686      41       1407     
 14583.2 24      2869     18.1637    18.4291    0.265406    43       1408     
 15240.1 24      2900     18.1637    18.4291    0.265406    40       1439     
 16043.7 25      2999     18.1665    18.4291    0.262601    37       1472     
 16064.4 25      3000     18.1665    18.4291    0.262601    38       1473     
 17324.8 25      3050     18.1665    18.4291    0.262601    51       1523     
 17567.7 26      3121     18.1671    18.4291    0.262007    52       1532     
 18347.9 26      3150     18.1671    18.4291    0.262007    50       1561     
 19380.5 27      3265     18.172     18.429     0.256971    38       1603     
 19380.9 27      3266     18.172     18.429     0.256971    38       1603     
 20276.1 27      3300     18.172     18.429     0.256971    44       1637     
 21245.5 28      3401     18.1768    18.429     0.252136    35       1669     
 21273.8 28      3402     18.1768    18.429     0.252136    35       1670     
 22924.5 28      3450     18.1768    18.429     0.252136    46       1718     
 23342.1 29      3527     18.1774    18.429     0.251532    43       1731     
 24120.7 29      3550     18.1774    18.429     0.251532    48       1753     
 25685.4 30      3671     18.1811    18.4288    0.247648    43       1801     
 25712.9 30      3672     18.1811    18.4288    0.247648    44       1802     
 26661.6 30      3700     18.1811    18.4288    0.247648    50       1830     
 27751   31      3795     18.1824    18.4288    0.246375    57       1862     
 27910.8 31      3800     18.1824    18.4288    0.246375    58       1867     
 29790.8 31      3850     18.1824    18.4288    0.246375    60       1917     
 29978.4 32      3919     18.1834    18.4288    0.245329    64       1923     
 31093.1 32      3950     18.1834    18.4288    0.245329    76       1953     
 32162   33      4045     18.1835    18.4288    0.245256    74       1984     
 32332.5 33      4050     18.1835    18.4288    0.245256    70       1989     
 34204.3 33      4100     18.1835    18.4288    0.245256    96       2039     
 34436.9 34      4169     18.1838    18.4287    0.244988    75       2045     
 35597.8 34      4200     18.1838    18.4287    0.244988    68       2075     
 36785   35      4293     18.184     18.4287    0.244722    62       2105     
 37060.7 35      4300     18.184     18.4287    0.244722    64       2112     
 39299.7 35      4350     18.184     18.4287    0.244722    61       2162     
 39413.4 36      4417     18.1841    18.4287    0.244624    71       2166     
 40952.6 36      4450     18.1841    18.4287    0.244624    79       2198     
 42348.5 37      4541     18.1844    18.4287    0.244363    75       2226     
 42726.4 37      4550     18.1844    18.4287    0.244363    73       2234     
 45237.2 37      4600     18.1844    18.4287    0.244363    92       2284     
 45294.6 38      4663     18.1844    18.4287    0.244308    85       2285     
 47161.8 38      4700     18.1844    18.4287    0.244308    83       2321     
 48669.1 39      4799     18.1866    18.4287    0.242125    57       2351     
 48709.1 39      4800     18.1866    18.4287    0.242125    58       2352     
 51142.3 39      4850     18.1866    18.4287    0.242125    56       2402     
 51746.8 40      4933     18.188     18.4287    0.240752    46       2417     
 52468.3 40      4950     18.188     18.4287    0.240752    51       2434     
 54398.3 40      5000     18.188     18.4287    0.240752    53       2484     
 54403.7 41      5069     18.1896    18.4287    0.239028    49       2484     
 55570.9 41      5100     18.1896    18.4287    0.239028    48       2514     
 56672.7 42      5195     18.1902    18.4287    0.238403    56       2545     
 56827.5 42      5200     18.1902    18.4287    0.238403    57       2549     
 58845   42      5250     18.1902    18.4287    0.238403    67       2599     
 59209.7 43      5327     18.1907    18.4287    0.238002    54       2609     
 60236   43      5350     18.1907    18.4287    0.238002    62       2632     
-------------------------------------------------------------------------------

SARSOP finishing ...
  Preset timeout reached
  Timeout     : 60000.000000s
  Actual Time : 60235.980000s

-------------------------------------------------------------------------------
 Time   |#Trial |#Backup |LBound    |UBound    |Precision  |#Alphas |#Beliefs  
-------------------------------------------------------------------------------
 60236   43      5350     18.1907    18.4287    0.238002    62       2632     
-------------------------------------------------------------------------------

Writing out policy ...
  output file : appendix_alphas/16710055c31.policyx

