
Loading the model ...
  input file   : /global/home/users/cboettig/pomdp-intro/appendix/appendix_alphas/1a78e5399d1cb.pomdpx
  loading time : 5.76s 

SARSOP initializing ...
  initialization time : 7549.77s

-------------------------------------------------------------------------------
 Time   |#Trial |#Backup |LBound    |UBound    |Precision  |#Alphas |#Beliefs  
-------------------------------------------------------------------------------
 7549.77 0       0        4.47907    7.70286    3.22379     100      1        
 7608.17 0       50       4.53363    7.6647     3.13107     39       45       
 7640.75 1       123      5.1012     7.66087    2.55967     11       57       
 7660.26 1       150      5.1012     7.66087    2.55967     4        64       
 7730.17 2       257      5.34517    7.66004    2.31487     6        82       
 7734.5  2       258      5.34517    7.66004    2.31487     3        83       
 7809.23 2       300      5.34517    7.66004    2.31487     4        100      
 7927.14 3       391      5.56926    7.65952    2.09025     7        117      
 7941.4  3       400      5.56926    7.65952    2.09025     3        120      
 8040.71 3       450      5.56926    7.65952    2.09025     4        132      
 8113.49 4       525      5.75041    7.6591     1.90869     6        139      
 8113.74 4       550      5.75041    7.6591     1.90869     4        139      
 8540.33 5       661      5.9306     7.65868    1.72809     6        172      
 8557.02 5       662      5.9306     7.65868    1.72809     4        173      
 8659.96 5       700      5.9306     7.65868    1.72809     4        180      
 8930.31 6       797      6.09826    7.65835    1.56009     6        195      
 8930.42 6       800      6.09826    7.65835    1.56009     4        195      
 9915.5  6       850      6.09826    7.65835    1.56009     5        241      
 10187.7 7       933      6.25998    7.65792    1.39794     6        256      
-------------------------------------------------------------------------------

SARSOP finishing ...
  Preset timeout reached
  Timeout     : 10000.000000s
  Actual Time : 10187.730000s

-------------------------------------------------------------------------------
 Time   |#Trial |#Backup |LBound    |UBound    |Precision  |#Alphas |#Beliefs  
-------------------------------------------------------------------------------
 10187.7 7       933      6.25998    7.65792    1.39794     6        256      
-------------------------------------------------------------------------------

Writing out policy ...
  output file : appendix_alphas/1a78e5399d1cb.policyx

