
Loading the model ...
  input file   : /global/home/users/cboettig/pomdp-intro/appendix/appendix_alphas/1a78b5399d1cb.pomdpx
  loading time : 5.75s 

SARSOP initializing ...
  initialization time : 6988.98s

-------------------------------------------------------------------------------
 Time   |#Trial |#Backup |LBound    |UBound    |Precision  |#Alphas |#Beliefs  
-------------------------------------------------------------------------------
 6988.98 0       0        4.47907    8.40667    3.92759     100      1        
 6994.16 0       50       4.53407    8.36133    3.82726     18       19       
 7001.46 1       127      5.23279    8.36079    3.128       6        30       
 7001.57 1       150      5.23279    8.36079    3.128       5        30       
 7006.29 2       261      5.59962    8.36036    2.76074     5        36       
 7006.31 2       262      5.59962    8.36036    2.76074     4        36       
 7013.3  2       300      5.59962    8.36036    2.76074     3        45       
 7023.21 3       395      5.93596    8.36       2.42404     5        54       
 7028.81 3       400      5.93596    8.36       2.42404     3        59       
 7031.25 3       450      5.93596    8.36       2.42404     3        62       
 7039.44 4       531      6.12941    8.35972    2.23031     5        68       
 7039.54 4       550      6.12941    8.35972    2.23031     3        68       
 7047.67 5       600      6.12941    8.35972    2.23031     6        74       
 7048.16 5       669      6.33676    8.3595     2.02274     5        74       
 7048.31 5       700      6.33676    8.3595     2.02274     4        74       
 7060.58 6       807      6.52468    8.35942    1.83474     4        82       
 7060.61 6       808      6.52468    8.35942    1.83474     4        82       
 7060.8  6       850      6.52468    8.35942    1.83474     3        82       
 7070.93 7       945      6.67773    8.35937    1.68164     4        88       
 7070.97 7       950      6.67773    8.35937    1.68164     3        88       
 7071.17 7       1000     6.67773    8.35937    1.68164     3        88       
 7087.32 8       1083     6.83779    8.35925    1.52146     4        97       
 7095.94 8       1100     6.83779    8.35925    1.52146     5        102      
 7126.04 8       1150     6.83779    8.35925    1.52146     4        117      
 7128.75 9       1221     6.98548    8.35921    1.37373     5        118      
 7128.9  9       1250     6.98548    8.35921    1.37373     4        118      
 7156.91 10      1361     7.12495    8.35914    1.23418     5        130      
 7156.96 10      1362     7.12495    8.35914    1.23418     4        130      
 7157.13 10      1400     7.12495    8.35914    1.23418     4        130      
 7195.79 11      1501     7.23899    8.35908    1.12009     5        145      
 7195.84 11      1502     7.23899    8.35908    1.12009     4        145      
 7196.06 11      1550     7.23899    8.35908    1.12009     3        145      
 7239.03 12      1641     7.34532    8.35903    1.01371     6        161      
 7239.12 12      1650     7.34532    8.35903    1.01371     4        161      
 7242.14 12      1700     7.34532    8.35903    1.01371     4        162      
 7272.83 13      1781     7.43608    8.35897    0.922891    5        172      
 7272.95 13      1800     7.43608    8.35897    0.922891    4        172      
 7316.33 13      1850     7.43608    8.35897    0.922891    6        186      
 7316.93 14      1921     7.51427    8.35895    0.844685    5        186      
 7317.11 14      1950     7.51427    8.35895    0.844685    4        186      
 7376.09 15      2061     7.59075    8.35893    0.768183    7        203      
 7376.15 15      2062     7.59075    8.35893    0.768183    6        203      
 7376.36 15      2100     7.59075    8.35893    0.768183    4        203      
 7429.19 16      2201     7.6544     8.35891    0.704518    7        217      
 7429.27 16      2202     7.6544     8.35891    0.704518    6        217      
 7448.13 16      2250     7.6544     8.35891    0.704518    5        222      
 7506.93 17      2341     7.70584    8.35888    0.653041    6        236      
 7507.05 17      2350     7.70584    8.35888    0.653041    4        236      
 7536.46 17      2400     7.70584    8.35888    0.653041    6        243      
 7585.75 18      2481     7.75932    8.35884    0.599524    10       254      
 7612.32 18      2500     7.75932    8.35884    0.599524    7        260      
 7687.58 18      2550     7.75932    8.35884    0.599524    7        276      
 7693.21 19      2621     7.81022    8.35879    0.548572    7        277      
 7705.97 19      2650     7.81022    8.35879    0.548572    7        280      
 7768.88 20      2763     7.83646    8.35874    0.522282    8        293      
 7774.02 20      2764     7.83646    8.35874    0.522282    7        294      
 7819.01 20      2800     7.83646    8.35874    0.522282    6        303      
 7938.83 21      2905     7.87101    8.3587     0.487699    6        323      
 7938.92 21      2906     7.87101    8.3587     0.487699    6        323      
 7939.22 21      2950     7.87101    8.3587     0.487699    6        323      
 8027.45 22      3047     7.89764    8.3587     0.461052    9        338      
 8033.41 22      3050     7.89764    8.3587     0.461052    6        339      
 8064.95 22      3100     7.89764    8.3587     0.461052    8        345      
 8148.91 23      3187     7.93228    8.35867    0.426393    8        358      
 8149.09 23      3200     7.93228    8.35867    0.426393    5        358      
 8221.63 23      3250     7.93228    8.35867    0.426393    10       370      
 8270.7  24      3329     7.95359    8.35866    0.40507     9        377      
 8270.91 24      3350     7.95359    8.35866    0.40507     7        377      
 8389.44 25      3400     7.95359    8.35866    0.40507     9        395      
 8390.2  25      3471     7.98206    8.35865    0.376592    7        395      
 8390.47 25      3500     7.98206    8.35865    0.376592    7        395      
 8524.78 26      3613     8.00536    8.35864    0.35328     9        415      
 8524.92 26      3614     8.00536    8.35864    0.35328     7        415      
 8525.23 26      3650     8.00536    8.35864    0.35328     6        415      
 8632.2  27      3755     8.02997    8.35863    0.328662    8        430      
 8632.34 27      3756     8.02997    8.35863    0.328662    7        430      
 8666.69 27      3800     8.02997    8.35863    0.328662    7        435      
 8768.62 28      3897     8.04511    8.35863    0.313518    10       448      
 8792.01 28      3900     8.04511    8.35863    0.313518    7        451      
 8850.97 28      3950     8.04511    8.35863    0.313518    10       460      
 8994.19 29      4039     8.059      8.35859    0.299588    11       477      
 9014.01 29      4050     8.059      8.35859    0.299588    7        480      
 9101.53 29      4100     8.059      8.35859    0.299588    11       491      
 9175.51 30      4179     8.08041    8.35856    0.278156    9        499      
 9216.1  30      4200     8.08041    8.35856    0.278156    9        504      
 9408.74 31      4250     8.08041    8.35856    0.278156    10       525      
 9409.6  31      4321     8.09437    8.35854    0.264168    10       525      
 9432.27 31      4350     8.09437    8.35854    0.264168    9        528      
 9578.98 32      4461     8.11188    8.35852    0.246638    11       542      
 9579.16 32      4462     8.11188    8.35852    0.246638    11       542      
 9610.82 32      4500     8.11188    8.35852    0.246638    10       545      
 9809.17 33      4603     8.12685    8.35851    0.231661    9        558      
 9809.43 33      4604     8.12685    8.35851    0.231661    8        558      
 9878.72 33      4650     8.12685    8.35851    0.231661    8        562      
 10181.5 34      4745     8.13852    8.35849    0.219965    9        582      
-------------------------------------------------------------------------------

SARSOP finishing ...
  Preset timeout reached
  Timeout     : 10000.000000s
  Actual Time : 10181.500000s

-------------------------------------------------------------------------------
 Time   |#Trial |#Backup |LBound    |UBound    |Precision  |#Alphas |#Beliefs  
-------------------------------------------------------------------------------
 10181.5 34      4745     8.13852    8.35849    0.219965    9        582      
-------------------------------------------------------------------------------

Writing out policy ...
  output file : appendix_alphas/1a78b5399d1cb.policyx

