
Loading the model ...
  input file   : /global/home/users/cboettig/pomdp-intro/appendix/appendix_alphas/1a7895399d1cb.pomdpx
  loading time : 5.10s 

SARSOP initializing ...
  initialization time : 1822.45s

-------------------------------------------------------------------------------
 Time   |#Trial |#Backup |LBound    |UBound    |Precision  |#Alphas |#Beliefs  
-------------------------------------------------------------------------------
 1822.45 0       0        13.6076    18.5251    4.91757     100      1        
 1824.62 1       50       16.9275    18.4337    1.50624     40       40       
 1827.61 2       115      17.3631    18.4336    1.0705      44       59       
 1834.02 2       150      17.3631    18.4336    1.0705      44       94       
 1836.96 3       205      17.6252    18.4336    0.808316    58       104      
 1851.47 3       250      17.6252    18.4336    0.808316    20       149      
 1852.44 4       300      17.7658    18.4334    0.667552    28       152      
 1867.77 5       383      17.896     18.4334    0.537413    15       192      
 1874.5  5       400      17.896     18.4334    0.537413    15       209      
 1890.21 6       477      17.9762    18.4333    0.457045    13       238      
 1897.43 6       500      17.9762    18.4333    0.457045    19       261      
 1912.43 7       577      18.028     18.4331    0.405151    19       287      
 1926.88 7       600      18.028     18.4331    0.405151    16       310      
 1943.73 8       685      18.1057    18.433     0.32729     28       341      
 1953.31 8       700      18.1057    18.433     0.32729     25       356      
 1984.97 9       797      18.1344    18.4329    0.298497    20       396      
 1986.09 9       800      18.1344    18.4329    0.298497    19       398      
 2031.87 9       850      18.1344    18.4329    0.298497    19       448      
 2032.84 10      905      18.1688    18.4329    0.264085    21       449      
 2081.95 10      950      18.1688    18.4329    0.264085    18       494      
 2093.18 11      1019     18.1818    18.4328    0.251016    15       505      
 2130.06 11      1050     18.1818    18.4328    0.251016    17       536      
 2157.63 12      1129     18.1964    18.4328    0.236467    21       560      
 2182.76 12      1150     18.1964    18.4328    0.236467    18       581      
 2237.14 13      1249     18.2113    18.4327    0.221386    14       619      
 2238.47 13      1250     18.2113    18.4327    0.221386    14       620      
 2311.56 13      1300     18.2113    18.4327    0.221386    17       670      
 2317.86 14      1363     18.2241    18.4327    0.208633    27       676      
 2377.04 14      1400     18.2241    18.4327    0.208633    18       713      
 2412.13 15      1479     18.2331    18.4326    0.199467    17       734      
 2441.33 15      1500     18.2331    18.4326    0.199467    23       755      
 2506.24 16      1599     18.2437    18.4324    0.188698    19       793      
 2506.38 16      1600     18.2437    18.4324    0.188698    19       793      
 2593.2  16      1650     18.2437    18.4324    0.188698    16       842      
 2604.16 17      1717     18.2525    18.4324    0.179877    20       849      
 2679.29 17      1750     18.2525    18.4324    0.179877    26       882      
 2745.52 18      1841     18.2559    18.4324    0.176475    20       910      
 2766.16 18      1850     18.2559    18.4324    0.176475    22       919      
 2897.93 18      1900     18.2559    18.4324    0.176475    26       969      
 2904.21 19      1971     18.2608    18.4323    0.17151     24       974      
 2988.15 19      2000     18.2608    18.4323    0.17151     25       1003     
 3084.84 20      2095     18.2629    18.4323    0.169337    21       1035     
 3097.09 20      2100     18.2629    18.4323    0.169337    26       1039     
 3260.05 20      2150     18.2629    18.4323    0.169337    30       1089     
 3276.33 21      2221     18.2648    18.4323    0.167456    23       1096     
 3370.17 21      2250     18.2648    18.4323    0.167456    22       1123     
 3484.01 22      2343     18.2663    18.4323    0.165978    22       1154     
 3506.5  22      2350     18.2663    18.4323    0.165978    25       1160     
 3704.77 22      2400     18.2663    18.4323    0.165978    33       1210     
 3714.41 23      2467     18.2681    18.4323    0.164177    19       1214     
 3826.86 23      2500     18.2681    18.4323    0.164177    27       1244     
 3931.38 24      2589     18.2697    18.4323    0.162544    19       1271     
 3966.6  24      2600     18.2697    18.4323    0.162544    21       1282     
 4175.44 25      2650     18.2697    18.4323    0.162544    21       1331     
 4177.11 25      2711     18.275     18.4322    0.157252    18       1331     
 4314.48 25      2750     18.275     18.4322    0.157252    20       1366     
 4406.21 26      2833     18.2782    18.4322    0.15403     25       1387     
 4476.25 26      2850     18.2782    18.4322    0.15403     33       1402     
 4682.5  27      2957     18.2788    18.4322    0.153453    25       1446     
 4682.77 27      2958     18.2788    18.4322    0.153453    26       1446     
 4851.1  27      3000     18.2788    18.4322    0.153453    30       1487     
 4926.18 28      3079     18.2799    18.4322    0.152316    19       1504     
 5014.75 28      3100     18.2799    18.4322    0.152316    26       1521     
 5169.12 29      3201     18.2816    18.4322    0.150615    22       1560     
 5169.4  29      3202     18.2816    18.4322    0.150615    22       1560     
 5344.71 29      3250     18.2816    18.4322    0.150615    24       1604     
 5378.06 30      3323     18.2826    18.4322    0.149655    20       1615     
 5501.7  30      3350     18.2826    18.4322    0.149655    27       1640     
 5640.31 31      3445     18.2831    18.4322    0.14914     24       1673     
 5664.89 31      3450     18.2831    18.4322    0.14914     28       1677     
 5962.43 31      3500     18.2831    18.4322    0.14914     43       1727     
 5980.85 32      3565     18.2837    18.4322    0.148535    25       1731     
 6157.32 32      3600     18.2837    18.4322    0.148535    32       1763     
 6249.87 33      3687     18.2848    18.4322    0.147417    21       1788     
 6318.4  33      3700     18.2848    18.4322    0.147417    23       1799     
 6565.7  34      3809     18.2854    18.4322    0.146834    23       1846     
 6566.05 34      3810     18.2854    18.4322    0.146834    23       1846     
 6818.66 34      3850     18.2854    18.4322    0.146834    35       1884     
 6899.86 35      3929     18.2863    18.4322    0.145975    28       1902     
 7033.55 35      3950     18.2863    18.4322    0.145975    37       1921     
 7278.67 36      4049     18.287     18.4322    0.145243    30       1959     
 7279.05 36      4050     18.287     18.4322    0.145243    31       1959     
 7625.81 36      4100     18.287     18.4322    0.145243    32       2008     
 7674.17 37      4169     18.2874    18.4322    0.144821    33       2017     
 7930.65 37      4200     18.2874    18.4322    0.144821    33       2048     
 8145.68 38      4289     18.2886    18.4322    0.143584    28       2076     
 8206.95 38      4300     18.2886    18.4322    0.143584    35       2085     
 8528.34 39      4409     18.289     18.4322    0.143122    33       2133     
 8528.81 39      4410     18.289     18.4322    0.143122    34       2133     
 8881.09 39      4450     18.289     18.4322    0.143122    37       2173     
 9030.11 40      4529     18.2892    18.4322    0.143011    28       2191     
 9219.89 40      4550     18.2892    18.4322    0.143011    34       2211     
 9591.75 41      4655     18.291     18.4322    0.141132    30       2252     
 9592.19 41      4656     18.291     18.4322    0.141132    30       2252     
 10153.5 41      4700     18.291     18.4322    0.141132    32       2296     
-------------------------------------------------------------------------------

SARSOP finishing ...
  Preset timeout reached
  Timeout     : 10000.000000s
  Actual Time : 10153.450000s

-------------------------------------------------------------------------------
 Time   |#Trial |#Backup |LBound    |UBound    |Precision  |#Alphas |#Beliefs  
-------------------------------------------------------------------------------
 10153.5 41      4700     18.291     18.4322    0.141132    32       2296     
-------------------------------------------------------------------------------

Writing out policy ...
  output file : appendix_alphas/1a7895399d1cb.policyx

