
Loading the model ...
  input file   : /global/home/users/cboettig/pomdp-intro/appendix/appendix_alphas/1a78c5399d1cb.pomdpx
  loading time : 5.11s 

SARSOP initializing ...
  initialization time : 1868.00s

-------------------------------------------------------------------------------
 Time   |#Trial |#Backup |LBound    |UBound    |Precision  |#Alphas |#Beliefs  
-------------------------------------------------------------------------------
 1868    0       0        13.6076    18.5243    4.91678     100      1        
 1875.47 1       50       16.8342    18.4309    1.59672     41       40       
 1891.13 2       141      17.1117    18.4285    1.31682     27       72       
 1896.46 2       150      17.1117    18.4285    1.31682     28       81       
 1939.56 2       200      17.1117    18.4285    1.31682     33       131      
 1940.78 3       261      17.3482    18.4278    1.07961     28       132      
 1990.82 3       300      17.3482    18.4278    1.07961     27       171      
 2026.15 4       387      17.4759    18.4275    0.951626    23       195      
 2047.11 4       400      17.4759    18.4275    0.951626    20       208      
 2144.02 4       450      17.4759    18.4275    0.951626    16       258      
 2145.13 5       515      17.5759    18.4274    0.851488    18       258      
 2231.04 5       550      17.5759    18.4274    0.851488    25       293      
 2308.41 6       645      17.661     18.427     0.765941    24       323      
 2323.06 6       650      17.661     18.427     0.765941    26       328      
 2499.74 6       700      17.661     18.427     0.765941    20       378      
 2534.63 7       781      17.7102    18.4267    0.716434    23       391      
 2609.29 7       800      17.7102    18.4267    0.716434    28       410      
 2810.18 8       909      17.7562    18.4266    0.670402    25       455      
 2816.06 8       910      17.7562    18.4266    0.670402    25       456      
 3035.76 8       950      17.7562    18.4266    0.670402    28       496      
 3178.17 9       1043     17.7888    18.4259    0.637092    28       522      
 3219.89 9       1050     17.7888    18.4259    0.637092    29       529      
 3574.58 9       1100     17.7888    18.4259    0.637092    26       579      
 3624.8  10      1177     17.8289    18.4258    0.596823    31       589      
 3807.54 10      1200     17.8289    18.4258    0.596823    39       612      
 4174.42 11      1311     17.8554    18.4254    0.56998     29       655      
 4181.67 11      1312     17.8554    18.4254    0.56998     29       656      
 4547.11 11      1350     17.8554    18.4254    0.56998     32       694      
 4802.36 12      1447     17.8832    18.4254    0.542169    33       723      
 4831.34 12      1450     17.8832    18.4254    0.542169    34       726      
 5386.24 12      1500     17.8832    18.4254    0.542169    43       776      
 5549.5  13      1585     17.8995    18.4252    0.525726    29       791      
 5730    13      1600     17.8995    18.4252    0.525726    34       806      
 6364.85 13      1650     17.8995    18.4252    0.525726    29       856      
 6398.34 14      1721     17.9201    18.4251    0.505043    30       858      
 6804.77 14      1750     17.9201    18.4251    0.505043    36       887      
 7349.31 15      1859     17.9306    18.4251    0.494448    33       926      
 7364.6  15      1860     17.9306    18.4251    0.494448    34       927      
 8061.4  15      1900     17.9306    18.4251    0.494448    37       967      
 8562.47 16      1995     17.9422    18.425     0.482843    31       993      
 8667.07 16      2000     17.9422    18.425     0.482843    34       998      
 9758.96 16      2050     17.9422    18.425     0.482843    48       1048     
 9954.98 17      2135     17.9497    18.4247    0.475003    38       1062     
 10239.6 17      2150     17.9497    18.4247    0.475003    45       1077     
-------------------------------------------------------------------------------

SARSOP finishing ...
  Preset timeout reached
  Timeout     : 10000.000000s
  Actual Time : 10239.560000s

-------------------------------------------------------------------------------
 Time   |#Trial |#Backup |LBound    |UBound    |Precision  |#Alphas |#Beliefs  
-------------------------------------------------------------------------------
 10239.6 17      2150     17.9497    18.4247    0.475003    45       1077     
-------------------------------------------------------------------------------

Writing out policy ...
  output file : appendix_alphas/1a78c5399d1cb.policyx

