
Loading the model ...
  input file   : /global/home/users/cboettig/pomdp-intro/appendix/appendix_alphas/1a78d5399d1cb.pomdpx
  loading time : 5.60s 

SARSOP initializing ...
  initialization time : 6180.55s

-------------------------------------------------------------------------------
 Time   |#Trial |#Backup |LBound    |UBound    |Precision  |#Alphas |#Beliefs  
-------------------------------------------------------------------------------
 6180.55 0       0        10.4983    16.4142    5.91589     100      1        
 6236.35 0       50       10.8368    16.3332    5.49643     43       51       
 6245.24 1       107      12.2091    16.3246    4.11548     19       55       
 6377.53 1       150      12.2091    16.3246    4.11548     14       97       
 6487.15 2       233      12.722     16.3238    3.60184     13       117      
 6605.56 2       250      12.722     16.3238    3.60184     10       134      
 7128.01 3       361      13.2001    16.3227    3.12256     8        180      
 7142.91 3       362      13.2001    16.3227    3.12256     8        181      
 7853.44 3       400      13.2001    16.3227    3.12256     6        219      
 8497.66 4       491      13.5456    16.322     2.77641     8        245      
 8735.14 4       500      13.5456    16.322     2.77641     9        254      
 10104.2 4       550      13.5456    16.322     2.77641     8        300      
-------------------------------------------------------------------------------

SARSOP finishing ...
  Preset timeout reached
  Timeout     : 10000.000000s
  Actual Time : 10104.250000s

-------------------------------------------------------------------------------
 Time   |#Trial |#Backup |LBound    |UBound    |Precision  |#Alphas |#Beliefs  
-------------------------------------------------------------------------------
 10104.2 4       550      13.5456    16.322     2.77641     8        300      
-------------------------------------------------------------------------------

Writing out policy ...
  output file : appendix_alphas/1a78d5399d1cb.policyx

