
Loading the model ...
  input file   : /home/rstudio/projects/boettiger-lab/pomdp-intro/appendix/appendix_alphas/a61088a2bf.pomdpx
  loading time : 5.12s 

SARSOP initializing ...
  initialization time : 1418.26s

-------------------------------------------------------------------------------
 Time   |#Trial |#Backup |LBound    |UBound    |Precision  |#Alphas |#Beliefs  
-------------------------------------------------------------------------------
 1418.26 0       0        2.06236    2.96334    0.900978    100      1        
 1427.14 2       50       2.45685    2.8803     0.423452    15       28       
 1454.44 4       100      2.62216    2.87984    0.257673    13       52       
 1499.91 6       150      2.69923    2.87946    0.18023     11       75       
 1567.58 8       201      2.74612    2.87915    0.133029    11       99       
 1668.52 10      253      2.76864    2.87882    0.110176    12       125      
 1790.42 12      305      2.78181    2.87863    0.0968264   13       150      
 1937.38 14      357      2.79043    2.87832    0.0878941   13       175      
 2115.23 16      413      2.79884    2.87822    0.0793843   14       201      
 2284.6  17      450      2.80017    2.87814    0.0779717   16       223      
 2448.33 19      500      2.80381    2.87797    0.074164    17       242      
 2649.84 21      553      2.8067     2.87788    0.0711839   20       265      
 2869.87 23      605      2.80842    2.87777    0.0693473   17       290      
 3104.73 25      661      2.80962    2.87751    0.0678866   21       316      
 3315.55 26      700      2.81174    2.8775     0.0657617   27       340      
 3507.21 28      750      2.81315    2.8774     0.0642492   19       361      
 3683.23 30      800      2.81461    2.8773     0.062688    20       380      
 3916.32 32      855      2.81561    2.8772     0.0615865   25       406      
 4190.37 34      911      2.81595    2.87696    0.0610044   28       433      
 4469.84 35      950      2.81624    2.8769     0.0606516   33       457      
 4762.45 37      1000     2.81674    2.87668    0.0599425   19       480      
 5067.93 39      1050     2.81721    2.87657    0.0593586   23       502      
 5396.67 41      1101     2.8181     2.87654    0.0584409   22       524      
 5790.92 43      1153     2.81867    2.87644    0.0577714   22       548      
 6219.16 45      1207     2.81916    2.87639    0.0572373   23       572      
 6712.33 47      1263     2.82078    2.87633    0.0555534   24       598      
 7134.15 48      1300     2.82102    2.87631    0.055288    25       621      
 7504.55 50      1350     2.82182    2.87624    0.0544203   26       642      
 7908.23 52      1401     2.82258    2.87616    0.0535823   26       664      
 8456.96 54      1457     2.82274    2.87584    0.0531027   26       691      
 8997.01 56      1509     2.8231     2.87575    0.0526495   29       715      
 9624.26 57      1550     2.82328    2.87575    0.0524628   33       741      
 10146.4 59      1600     2.82341    2.87569    0.0522779   34       761      
 10731.6 61      1650     2.82368    2.87566    0.0519808   27       782      
 11320.9 63      1701     2.82393    2.87564    0.0517122   26       803      
 12014.6 65      1755     2.82406    2.87553    0.0514673   29       829      
 12693.1 67      1807     2.8243     2.87542    0.0511218   28       853      
 13483.4 69      1861     2.82448    2.87532    0.0508432   31       879      
 14264.2 71      1900     2.82452    2.87527    0.0507501   42       903      
 15034.3 72      1950     2.82491    2.87524    0.0503367   35       926      
 15794.9 74      2000     2.82509    2.87518    0.0500891   34       947      
 16680.9 76      2050     2.82521    2.87506    0.0498539   30       971      
 17504.2 78      2103     2.82537    2.87485    0.0494818   34       994      
 18461.8 80      2157     2.82554    2.87482    0.0492847   31       1019     
 19446.1 82      2209     2.8256     2.8748     0.0492036   36       1043     
 20488.1 84      2261     2.82597    2.87474    0.0487709   29       1067     
 21529.9 86      2300     2.82603    2.87468    0.0486462   32       1091     
 22443.5 87      2350     2.82611    2.87462    0.0485115   31       1112     
 23475.9 89      2400     2.82625    2.87439    0.0481369   42       1135     
 24613   91      2450     2.82629    2.87426    0.0479695   40       1159     
 25647.4 93      2500     2.82635    2.87418    0.0478233   43       1180     
-------------------------------------------------------------------------------

SARSOP finishing ...
  Preset timeout reached
  Timeout     : 25000.000000s
  Actual Time : 25647.440000s

-------------------------------------------------------------------------------
 Time   |#Trial |#Backup |LBound    |UBound    |Precision  |#Alphas |#Beliefs  
-------------------------------------------------------------------------------
 25647.4 93      2500     2.82635    2.87418    0.0478233   43       1180     
-------------------------------------------------------------------------------

Writing out policy ...
  output file : appendix_alphas/a61088a2bf.policyx

