
Loading the model ...
  input file   : /home/rstudio/projects/boettiger-lab/pomdp-intro/appendix/appendix_alphas/a6457afc17.pomdpx
  loading time : 4.71s 

SARSOP initializing ...
  initialization time : 1057.82s

-------------------------------------------------------------------------------
 Time   |#Trial |#Backup |LBound    |UBound    |Precision  |#Alphas |#Beliefs  
-------------------------------------------------------------------------------
 1057.82 0       0        2.4331     3.44523    1.01213     100      1        
 1064.59 2       50       2.90972    3.35044    0.440717    16       28       
 1082.4  4       100      3.06766    3.34992    0.282258    10       52       
 1114.47 6       150      3.12084    3.34953    0.228693    12       76       
 1159.99 8       200      3.1654     3.34909    0.183685    10       100      
 1219.1  10      251      3.18731    3.34869    0.161384    12       124      
 1295.43 12      303      3.20468    3.34838    0.143707    11       149      
 1387    14      355      3.21516    3.34817    0.133008    13       174      
 1496.25 16      409      3.22347    3.34795    0.124485    15       200      
 1620.38 17      450      3.22476    3.3478     0.123035    18       227      
 1722.75 19      500      3.22841    3.34738    0.118973    21       248      
 1831.41 21      550      3.23166    3.34721    0.115551    15       269      
 1947.83 23      601      3.23593    3.34692    0.110989    16       290      
 2104.09 25      655      3.23783    3.34668    0.108855    21       316      
 2269.43 27      709      3.23979    3.34657    0.10678     25       341      
 2456.91 28      750      3.24058    3.34629    0.105707    27       367      
 2633.25 30      800      3.24143    3.34614    0.104713    38       387      
 2838.42 32      850      3.24237    3.34599    0.103622    30       409      
 3051.82 34      901      3.24378    3.34584    0.102063    22       430      
 3322.67 36      953      3.24452    3.34568    0.101163    28       455      
 3631.07 38      1007     3.24527    3.34553    0.100263    31       480      
 3974.71 40      1061     3.24585    3.34531    0.099469    30       505      
 4345.48 42      1100     3.24617    3.34516    0.0989941   24       529      
 4725.72 43      1150     3.24699    3.34507    0.0980782   37       551      
 5113.77 45      1200     3.24724    3.34496    0.097722    38       574      
 5482.2  47      1250     3.24767    3.34464    0.0969717   34       595      
 5873.02 49      1300     3.24821    3.34451    0.0962987   38       617      
 6284.69 51      1351     3.24834    3.34441    0.096067    39       640      
 6768.03 53      1403     3.2486     3.34434    0.0957395   38       665      
 7260.16 55      1457     3.24897    3.34421    0.095243    35       689      
 7823.29 57      1511     3.25017    3.34402    0.093846    33       714      
 8357.56 59      1550     3.25036    3.34398    0.0936223   37       738      
 8888.66 60      1600     3.25071    3.34387    0.0931515   31       761      
 9525.21 62      1650     3.25164    3.34372    0.0920836   34       785      
 10134.2 64      1700     3.25195    3.34364    0.0916886   33       807      
 10766.9 66      1750     3.2522     3.34333    0.0911299   38       829      
 11415.8 68      1800     3.25236    3.34324    0.090885    38       851      
 12099.5 70      1851     3.2525     3.34319    0.0906882   44       874      
 12854.6 72      1903     3.25278    3.34312    0.0903323   46       898      
 13688.9 74      1955     3.25296    3.34294    0.0899759   41       923      
 14593.3 76      2011     3.2531     3.34284    0.0897308   43       949      
 15495.1 77      2050     3.25317    3.34279    0.0896147   54       973      
 16233.1 79      2100     3.25323    3.34271    0.0894795   59       993      
 17008.6 81      2150     3.25335    3.34265    0.089305    50       1013     
 17905.4 83      2200     3.25339    3.34263    0.0892386   48       1035     
 18846   85      2251     3.25359    3.34249    0.0888998   52       1057     
 19935   87      2303     3.25376    3.3424     0.0886372   44       1082     
 21088   89      2355     3.25407    3.3423     0.0882309   44       1106     
 22225   91      2409     3.25426    3.34226    0.0879957   38       1131     
 23378.9 93      2461     3.25466    3.34218    0.0875162   39       1155     
 24590.2 95      2500     3.25474    3.34216    0.087423    44       1179     
 25774.2 96      2550     3.25483    3.34211    0.087276    46       1202     
-------------------------------------------------------------------------------

SARSOP finishing ...
  Preset timeout reached
  Timeout     : 25000.000000s
  Actual Time : 25774.160000s

-------------------------------------------------------------------------------
 Time   |#Trial |#Backup |LBound    |UBound    |Precision  |#Alphas |#Beliefs  
-------------------------------------------------------------------------------
 25774.2 96      2550     3.25483    3.34211    0.087276    46       1202     
-------------------------------------------------------------------------------

Writing out policy ...
  output file : appendix_alphas/a6457afc17.policyx

