
Loading the model ...
  input file   : /global/home/users/cboettig/pomdp-intro/appendix/pomdp_historical/167e15185a251.pomdpx
  loading time : 16.26s 

SARSOP initializing ...
  initialization time : 17431.17s

-------------------------------------------------------------------------------
 Time   |#Trial |#Backup |LBound    |UBound    |Precision  |#Alphas |#Beliefs  
-------------------------------------------------------------------------------
 17431.2 0       0        21.7768    35.2794    13.5026     150      1        
 17469.1 1       50       27.8383    34.881     7.04274     104      42       
 17500.7 2       145      29.0645    34.8793    5.81479     68       57       
 17512.2 2       150      29.0645    34.8793    5.81479     31       62       
 17602   2       200      29.0645    34.8793    5.81479     10       91       
 17649.7 3       281      30.0564    34.8788    4.82241     11       103      
 17720.3 3       300      30.0564    34.8788    4.82241     9        121      
 17804.4 3       350      30.0564    34.8788    4.82241     11       139      
 17805.6 4       421      30.7243    34.8787    4.15443     7        139      
 17860.9 4       450      30.7243    34.8787    4.15443     7        151      
 17939.8 5       565      31.1099    34.8786    3.76872     5        164      
 17939.9 5       566      31.1099    34.8786    3.76872     6        164      
 18144.2 5       600      31.1099    34.8786    3.76872     7        194      
 18224   6       711      31.4969    34.8785    3.3816      6        204      
 18224.1 6       712      31.4969    34.8785    3.3816      7        204      
 18245.3 6       750      31.4969    34.8785    3.3816      7        208      
 18332.5 7       859      31.7579    34.8784    3.12046     6        219      
 18332.6 7       860      31.7579    34.8784    3.12046     7        219      
 18420.5 7       900      31.7579    34.8784    3.12046     7        230      
 18493.9 8       1007     31.9742    34.8783    2.90411     6        238      
 18502.8 8       1008     31.9742    34.8783    2.90411     7        239      
 18959.1 8       1050     31.9742    34.8783    2.90411     8        281      
 19374.8 9       1151     32.241     34.8782    2.63713     8        309      
 19389.6 9       1152     32.241     34.8782    2.63713     9        310      
 19923.1 9       1200     32.241     34.8782    2.63713     8        342      
 20175.7 10      1293     32.4571    34.8781    2.42103     7        355      
-------------------------------------------------------------------------------

SARSOP finishing ...
  Preset timeout reached
  Timeout     : 20000.000000s
  Actual Time : 20175.660000s

-------------------------------------------------------------------------------
 Time   |#Trial |#Backup |LBound    |UBound    |Precision  |#Alphas |#Beliefs  
-------------------------------------------------------------------------------
 20175.7 10      1293     32.4571    34.8781    2.42103     7        355      
-------------------------------------------------------------------------------

Writing out policy ...
  output file : pomdp_historical/167e15185a251.policyx

