
Loading the model ...
  input file   : /global/home/users/cboettig/pomdp-intro/appendix/pomdp_historical/167e2d3e5809.pomdpx
  loading time : 15.81s 

SARSOP initializing ...
  initialization time : 10300.23s

-------------------------------------------------------------------------------
 Time   |#Trial |#Backup |LBound    |UBound    |Precision  |#Alphas |#Beliefs  
-------------------------------------------------------------------------------
 10300.2 0       0        10.0801    17.7887    7.70859     150      1        
 10301.9 0       50       11.4089    16.4079    4.99892     67       13       
 10307.1 1       193      13.192     16.4074    3.21549     16       32       
 10307.1 1       194      13.192     16.4074    3.21549     13       32       
 10307.2 1       200      13.192     16.4074    3.21549     9        32       
 10307.3 1       250      13.192     16.4074    3.21549     9        32       
 10307.4 1       300      13.192     16.4074    3.21549     8        32       
 10309.3 2       421      13.7229    16.4074    2.68443     9        37       
 10309.3 2       422      13.7229    16.4074    2.68443     10       37       
 10309.4 2       450      13.7229    16.4074    2.68443     5        37       
 10309.5 2       500      13.7229    16.4074    2.68443     5        37       
 10312.1 3       645      14.153     16.4073    2.25433     6        44       
 10312.1 3       646      14.153     16.4073    2.25433     6        44       
 10312.1 3       650      14.153     16.4073    2.25433     5        44       
 10312.3 3       700      14.153     16.4073    2.25433     6        44       
 10312.4 3       750      14.153     16.4073    2.25433     6        44       
 10314.3 4       879      14.4363    16.4072    1.97095     7        48       
 10314.4 4       880      14.4363    16.4072    1.97095     6        48       
 10314.4 4       900      14.4363    16.4072    1.97095     5        48       
 10314.5 4       950      14.4363    16.4072    1.97095     5        48       
 10318   5       1119     14.6226    16.4072    1.78458     7        55       
 10318.1 5       1120     14.6226    16.4072    1.78458     7        55       
 10318.1 5       1121     14.6226    16.4072    1.78458     4        55       
 10318.2 5       1150     14.6226    16.4072    1.78458     6        55       
 10318.3 5       1200     14.6226    16.4072    1.78458     6        55       
 10320.7 6       1359     14.7866    16.4071    1.62046     9        59       
 10320.7 6       1360     14.7866    16.4071    1.62046     9        59       
 10320.8 6       1361     14.7866    16.4071    1.62046     4        59       
 10320.9 6       1400     14.7866    16.4071    1.62046     6        59       
 10321   6       1450     14.7866    16.4071    1.62046     6        59       
 10325.2 7       1599     14.9279    16.4071    1.47917     7        66       
 10325.2 7       1600     14.9279    16.4071    1.47917     7        66       
 10325.2 7       1601     14.9279    16.4071    1.47917     4        66       
 10325.3 7       1650     14.9279    16.4071    1.47917     5        66       
 10325.4 7       1700     14.9279    16.4071    1.47917     5        66       
 10328.9 8       1839     15.0751    16.407     1.33192     6        71       
 10328.9 8       1840     15.0751    16.407     1.33192     6        71       
 10334.5 8       1850     15.0751    16.407     1.33192     5        80       
 10351.5 8       1900     15.0751    16.407     1.33192     6        102      
 10352.5 8       1950     15.0751    16.407     1.33192     6        103      
 10362.8 9       2081     15.169     16.407     1.23803     6        112      
 10362.8 9       2082     15.169     16.407     1.23803     6        112      
 10370.6 9       2100     15.169     16.407     1.23803     6        120      
 10388.5 9       2150     15.169     16.407     1.23803     7        137      
 10435   9       2200     15.169     16.407     1.23803     7        172      
 10436.6 10      2321     15.2666    16.407     1.14042     7        172      
 10436.7 10      2322     15.2666    16.407     1.14042     7        172      
 10463.6 10      2350     15.2666    16.407     1.14042     7        191      
 10463.8 10      2400     15.2666    16.407     1.14042     7        191      
 10509   11      2561     15.3542    16.407     1.05281     10       216      
 10509   11      2562     15.3542    16.407     1.05281     10       216      
 10509.1 11      2563     15.3542    16.407     1.05281     7        216      
 10509.2 11      2600     15.3542    16.407     1.05281     6        216      
 10509.5 11      2650     15.3542    16.407     1.05281     5        216      
 10536.8 12      2803     15.4208    16.407     0.986159    7        230      
 10536.9 12      2804     15.4208    16.407     0.986159    7        230      
 10536.9 12      2805     15.4208    16.407     0.986159    6        230      
 10589.8 12      2850     15.4208    16.407     0.986159    6        256      
 10605.6 12      2900     15.4208    16.407     0.986159    6        263      
 10660.4 13      3043     15.4943    16.407     0.912689    8        285      
 10660.4 13      3044     15.4943    16.407     0.912689    8        285      
 10667.8 13      3050     15.4943    16.407     0.912689    6        289      
 10668.1 13      3100     15.4943    16.407     0.912689    7        289      
 10683.5 13      3150     15.4943    16.407     0.912689    6        296      
 10721.1 14      3287     15.5481    16.407     0.858879    8        310      
 10721.1 14      3288     15.5481    16.407     0.858879    8        310      
 10721.3 14      3300     15.5481    16.407     0.858879    8        310      
 10721.5 14      3350     15.5481    16.407     0.858879    8        310      
 10721.7 14      3400     15.5481    16.407     0.858879    8        310      
 10738.2 15      3533     15.5872    16.407     0.819794    11       316      
 10738.3 15      3534     15.5872    16.407     0.819794    11       316      
 10738.4 15      3550     15.5872    16.407     0.819794    9        316      
 10738.6 15      3600     15.5872    16.407     0.819794    9        316      
 10755.3 15      3650     15.5872    16.407     0.819794    7        322      
 10772.6 16      3781     15.6255    16.4069    0.781412    8        328      
 10772.7 16      3782     15.6255    16.4069    0.781412    8        328      
 10772.9 16      3800     15.6255    16.4069    0.781412    7        328      
 10773.1 16      3850     15.6255    16.4069    0.781412    7        328      
 10784.6 16      3900     15.6255    16.4069    0.781412    5        332      
 10796.8 17      4029     15.6552    16.4069    0.751716    8        336      
 10799.7 17      4030     15.6552    16.4069    0.751716    8        337      
 10819.6 17      4050     15.6552    16.4069    0.751716    8        345      
 10819.8 17      4100     15.6552    16.4069    0.751716    8        345      
 10829   17      4150     15.6552    16.4069    0.751716    6        348      
 10835.8 18      4277     15.6818    16.4069    0.725105    10       350      
 10835.9 18      4278     15.6818    16.4069    0.725105    10       350      
 10836   18      4300     15.6818    16.4069    0.725105    9        350      
 10836.2 18      4350     15.6818    16.4069    0.725105    9        350      
 10854.6 18      4400     15.6818    16.4069    0.725105    7        356      
 10855.3 19      4525     15.706     16.4069    0.700874    9        356      
 10855.4 19      4526     15.706     16.4069    0.700874    9        356      
 10918.4 19      4550     15.706     16.4069    0.700874    7        376      
 10918.9 19      4600     15.706     16.4069    0.700874    9        376      
 10974   20      4773     15.7368    16.4069    0.670106    8        392      
 10974.1 20      4774     15.7368    16.4069    0.670106    8        392      
 10974.2 20      4775     15.7368    16.4069    0.670106    7        392      
 10984.1 20      4800     15.7368    16.4069    0.670106    9        395      
 10984.3 20      4850     15.7368    16.4069    0.670106    7        395      
 11012   21      5019     15.7639    16.4069    0.643043    9        404      
 11012.1 21      5020     15.7639    16.4069    0.643043    9        404      
 11012.2 21      5021     15.7639    16.4069    0.643043    8        404      
 11012.4 21      5050     15.7639    16.4069    0.643043    8        404      
 11012.7 21      5100     15.7639    16.4069    0.643043    8        404      
 11045   22      5267     15.7849    16.4069    0.621979    10       413      
 11045.1 22      5268     15.7849    16.4069    0.621979    10       413      
 11045.2 22      5269     15.7849    16.4069    0.621979    8        413      
 11045.5 22      5300     15.7849    16.4069    0.621979    9        413      
 11045.7 22      5350     15.7849    16.4069    0.621979    9        413      
 11064.3 23      5515     15.8064    16.4069    0.600515    10       418      
 11064.4 23      5516     15.8064    16.4069    0.600515    10       418      
 11064.5 23      5517     15.8064    16.4069    0.600515    10       418      
 11064.7 23      5550     15.8064    16.4069    0.600515    8        418      
 11064.9 23      5600     15.8064    16.4069    0.600515    8        418      
 11094.6 24      5765     15.8257    16.4068    0.581109    10       426      
 11094.8 24      5766     15.8257    16.4068    0.581109    10       426      
 11094.9 24      5767     15.8257    16.4068    0.581109    9        426      
 11108.6 24      5800     15.8257    16.4068    0.581109    8        431      
 11108.8 24      5850     15.8257    16.4068    0.581109    8        431      
 11128.1 25      6013     15.8426    16.4068    0.564285    10       436      
 11128.2 25      6014     15.8426    16.4068    0.564285    10       436      
 11128.4 25      6015     15.8426    16.4068    0.564285    9        436      
 11133.5 25      6050     15.8426    16.4068    0.564285    9        438      
 11133.8 25      6100     15.8426    16.4068    0.564285    9        438      
 11160.4 26      6263     15.8603    16.4068    0.546577    10       445      
 11160.5 26      6264     15.8603    16.4068    0.546577    10       445      
 11160.6 26      6265     15.8603    16.4068    0.546577    9        445      
 11160.9 26      6300     15.8603    16.4068    0.546577    9        445      
 11161.1 26      6350     15.8603    16.4068    0.546577    9        445      
 11188.2 27      6513     15.8781    16.4068    0.528706    9        452      
 11188.3 27      6514     15.8781    16.4068    0.528706    9        452      
 11188.4 27      6515     15.8781    16.4068    0.528706    9        452      
 11188.7 27      6550     15.8781    16.4068    0.528706    9        452      
 11188.9 27      6600     15.8781    16.4068    0.528706    9        452      
 11238.4 28      6763     15.8924    16.4068    0.514435    11       465      
 11238.5 28      6764     15.8924    16.4068    0.514435    11       465      
 11238.6 28      6765     15.8924    16.4068    0.514435    11       465      
 11238.9 28      6800     15.8924    16.4068    0.514435    10       465      
 11239.1 28      6850     15.8924    16.4068    0.514435    10       465      
 11292.3 29      7013     15.9084    16.4068    0.498461    14       478      
 11292.4 29      7014     15.9084    16.4068    0.498461    14       478      
 11292.5 29      7015     15.9084    16.4068    0.498461    12       478      
 11292.8 29      7050     15.9084    16.4068    0.498461    9        478      
 11293   29      7100     15.9084    16.4068    0.498461    9        478      
 11314.2 30      7263     15.9215    16.4068    0.485357    11       483      
 11314.3 30      7264     15.9215    16.4068    0.485357    11       483      
 11314.4 30      7265     15.9215    16.4068    0.485357    9        483      
 11314.6 30      7300     15.9215    16.4068    0.485357    9        483      
 11314.9 30      7350     15.9215    16.4068    0.485357    9        483      
 11331.9 31      7513     15.9345    16.4068    0.472311    10       487      
 11332   31      7514     15.9345    16.4068    0.472311    10       487      
 11332.1 31      7515     15.9345    16.4068    0.472311    10       487      
 11332.3 31      7550     15.9345    16.4068    0.472311    9        487      
 11332.6 31      7600     15.9345    16.4068    0.472311    9        487      
 11358.3 32      7763     15.9455    16.4068    0.461326    9        493      
 11358.4 32      7764     15.9455    16.4068    0.461326    9        493      
 11358.5 32      7765     15.9455    16.4068    0.461326    9        493      
 11358.8 32      7800     15.9455    16.4068    0.461326    9        493      
 11359   32      7850     15.9455    16.4068    0.461326    9        493      
 11393.5 33      8013     15.9566    16.4068    0.45017     9        501      
 11393.6 33      8014     15.9566    16.4068    0.45017     9        501      
 11393.8 33      8015     15.9566    16.4068    0.45017     9        501      
 11425.3 33      8050     15.9566    16.4068    0.45017     11       509      
 11425.6 33      8100     15.9566    16.4068    0.45017     11       509      
 11516.1 34      8263     15.9691    16.4068    0.437667    11       529      
 11516.2 34      8264     15.9691    16.4068    0.437667    11       529      
 11516.3 34      8265     15.9691    16.4068    0.437667    11       529      
 11537.7 34      8300     15.9691    16.4068    0.437667    10       534      
 11538   34      8350     15.9691    16.4068    0.437667    10       534      
 11599.6 35      8513     15.9794    16.4068    0.427347    11       547      
 11599.7 35      8514     15.9794    16.4068    0.427347    11       547      
 11599.8 35      8515     15.9794    16.4068    0.427347    9        547      
 11600.1 35      8550     15.9794    16.4068    0.427347    9        547      
 11600.4 35      8600     15.9794    16.4068    0.427347    9        547      
 11652.8 36      8763     15.9925    16.4068    0.4143      13       558      
 11652.9 36      8764     15.9925    16.4068    0.4143      13       558      
 11653   36      8765     15.9925    16.4068    0.4143      12       558      
 11653.3 36      8800     15.9925    16.4068    0.4143      11       558      
 11653.6 36      8850     15.9925    16.4068    0.4143      11       558      
 11702.1 37      9013     16.0037    16.4068    0.403043    11       568      
 11702.2 37      9014     16.0037    16.4068    0.403043    11       568      
 11702.4 37      9015     16.0037    16.4068    0.403043    11       568      
 11702.6 37      9050     16.0037    16.4068    0.403043    11       568      
 11702.9 37      9100     16.0037    16.4068    0.403043    11       568      
 11733.4 38      9263     16.012     16.4068    0.394739    10       574      
 11733.5 38      9264     16.012     16.4068    0.394739    10       574      
 11733.6 38      9265     16.012     16.4068    0.394739    10       574      
 11733.9 38      9300     16.012     16.4068    0.394739    10       574      
 11734.2 38      9350     16.012     16.4068    0.394739    11       574      
 11764.8 39      9513     16.0208    16.4068    0.386019    11       580      
 11764.9 39      9514     16.0208    16.4068    0.386019    11       580      
 11765.1 39      9515     16.0208    16.4068    0.386019    11       580      
 11765.3 39      9550     16.0208    16.4068    0.386019    11       580      
 11765.6 39      9600     16.0208    16.4068    0.386019    11       580      
 11800.4 40      9763     16.0289    16.4068    0.377908    8        587      
 11800.5 40      9764     16.0289    16.4068    0.377908    8        587      
 11800.7 40      9765     16.0289    16.4068    0.377908    8        587      
 11800.9 40      9800     16.0289    16.4068    0.377908    9        587      
 11801.2 40      9850     16.0289    16.4068    0.377908    9        587      
 11837.9 41      10013    16.0351    16.4068    0.371624    10       594      
 11838   41      10014    16.0351    16.4068    0.371624    10       594      
 11838.2 41      10015    16.0351    16.4068    0.371624    10       594      
 11838.4 41      10050    16.0351    16.4068    0.371624    10       594      
 11838.8 41      10100    16.0351    16.4068    0.371624    10       594      
 11899.3 42      10263    16.0424    16.4068    0.364408    10       606      
 11899.4 42      10264    16.0424    16.4068    0.364408    10       606      
 11899.6 42      10265    16.0424    16.4068    0.364408    10       606      
 11899.8 42      10300    16.0424    16.4068    0.364408    9        606      
 11900.2 42      10350    16.0424    16.4068    0.364408    9        606      
 11927.2 43      10513    16.049     16.4068    0.357775    10       611      
 11927.4 43      10514    16.049     16.4068    0.357775    10       611      
 11927.5 43      10515    16.049     16.4068    0.357775    10       611      
 11969.4 43      10550    16.049     16.4068    0.357775    10       621      
 11969.8 43      10600    16.049     16.4068    0.357775    10       621      
 11997.9 44      10763    16.0554    16.4068    0.351334    12       626      
 11998   44      10764    16.0554    16.4068    0.351334    12       626      
 11998.2 44      10765    16.0554    16.4068    0.351334    11       626      
 11998.5 44      10800    16.0554    16.4068    0.351334    9        626      
 11998.8 44      10850    16.0554    16.4068    0.351334    9        626      
 12021.2 45      11013    16.0608    16.4068    0.345936    8        630      
 12026.6 45      11014    16.0608    16.4068    0.345936    8        631      
 12032.1 45      11015    16.0608    16.4068    0.345936    9        632      
 12076   45      11050    16.0608    16.4068    0.345936    8        641      
 12076.4 45      11100    16.0608    16.4068    0.345936    8        641      
 12099.7 46      11263    16.0672    16.4067    0.339535    9        645      
 12099.8 46      11264    16.0672    16.4067    0.339535    9        645      
 12105.4 46      11265    16.0672    16.4067    0.339535    9        646      
 12145.2 46      11300    16.0672    16.4067    0.339535    9        654      
 12145.5 46      11350    16.0672    16.4067    0.339535    9        654      
 12198.5 47      11515    16.0746    16.4067    0.332184    13       664      
 12198.7 47      11516    16.0746    16.4067    0.332184    13       664      
 12198.8 47      11517    16.0746    16.4067    0.332184    11       664      
 12199.1 47      11550    16.0746    16.4067    0.332184    11       664      
 12199.5 47      11600    16.0746    16.4067    0.332184    11       664      
 12245.8 48      11769    16.0825    16.4067    0.324192    12       672      
 12246   48      11770    16.0825    16.4067    0.324192    12       672      
 12246.1 48      11771    16.0825    16.4067    0.324192    11       672      
 12246.4 48      11800    16.0825    16.4067    0.324192    11       672      
 12246.7 48      11850    16.0825    16.4067    0.324192    11       672      
 12287.8 49      12019    16.0874    16.4067    0.319301    13       679      
 12287.9 49      12020    16.0874    16.4067    0.319301    13       679      
 12288.1 49      12021    16.0874    16.4067    0.319301    10       679      
 12288.4 49      12050    16.0874    16.4067    0.319301    12       679      
 12288.7 49      12100    16.0874    16.4067    0.319301    12       679      
 12346.9 50      12271    16.094     16.4067    0.312732    10       689      
 12347   50      12272    16.094     16.4067    0.312732    10       689      
 12347.2 50      12273    16.094     16.4067    0.312732    10       689      
 12347.5 50      12300    16.094     16.4067    0.312732    10       689      
 12347.8 50      12350    16.094     16.4067    0.312732    10       689      
 12389.2 51      12523    16.1002    16.4067    0.306536    12       696      
 12389.4 51      12524    16.1002    16.4067    0.306536    12       696      
 12389.6 51      12525    16.1002    16.4067    0.306536    11       696      
 12389.8 51      12550    16.1002    16.4067    0.306536    11       696      
 12390.2 51      12600    16.1002    16.4067    0.306536    11       696      
 12445.2 52      12773    16.1052    16.4067    0.301544    13       705      
 12445.4 52      12774    16.1052    16.4067    0.301544    13       705      
 12445.5 52      12775    16.1052    16.4067    0.301544    11       705      
 12445.8 52      12800    16.1052    16.4067    0.301544    10       705      
 12446.1 52      12850    16.1052    16.4067    0.301544    10       705      
 12501.6 53      13025    16.11      16.4067    0.296737    11       714      
 12501.8 53      13026    16.11      16.4067    0.296737    11       714      
 12502   53      13027    16.11      16.4067    0.296737    10       714      
 12530.2 53      13050    16.11      16.4067    0.296737    11       719      
 12530.6 53      13100    16.11      16.4067    0.296737    11       719      
 12616.8 54      13150    16.11      16.4067    0.296737    12       734      
 12618.1 54      13275    16.1151    16.4067    0.291537    11       734      
 12618.2 54      13276    16.1151    16.4067    0.291537    11       734      
 12618.5 54      13300    16.1151    16.4067    0.291537    10       734      
 12618.9 54      13350    16.1151    16.4067    0.291537    10       734      
 12707.7 54      13400    16.1151    16.4067    0.291537    11       748      
 12708.8 55      13527    16.1208    16.4067    0.28583     11       748      
 12709   55      13528    16.1208    16.4067    0.28583     11       748      
 12758   55      13550    16.1208    16.4067    0.28583     11       757      
 12758.3 55      13600    16.1208    16.4067    0.28583     11       757      
 12890   55      13650    16.1208    16.4067    0.28583     12       777      
 12904.6 56      13779    16.1264    16.4067    0.280281    15       779      
 12904.8 56      13780    16.1264    16.4067    0.280281    15       779      
 12929.3 56      13800    16.1264    16.4067    0.280281    13       783      
 12929.7 56      13850    16.1264    16.4067    0.280281    13       783      
 13010.7 56      13900    16.1264    16.4067    0.280281    11       795      
 13032.3 57      14029    16.1309    16.4067    0.275787    12       798      
 13039.2 57      14030    16.1309    16.4067    0.275787    12       799      
 13079.2 57      14050    16.1309    16.4067    0.275787    10       806      
 13079.6 57      14100    16.1309    16.4067    0.275787    10       806      
 13100.9 57      14150    16.1309    16.4067    0.275787    12       809      
 13123   58      14279    16.1339    16.4067    0.272752    13       812      
 13123.2 58      14280    16.1339    16.4067    0.272752    13       812      
 13123.4 58      14300    16.1339    16.4067    0.272752    12       812      
 13123.8 58      14350    16.1339    16.4067    0.272752    12       812      
 13151.2 58      14400    16.1339    16.4067    0.272752    11       816      
 13179.8 59      14531    16.1379    16.4067    0.26879     11       820      
 13180   59      14532    16.1379    16.4067    0.26879     11       820      
 13180.2 59      14550    16.1379    16.4067    0.26879     10       820      
 13180.6 59      14600    16.1379    16.4067    0.26879     10       820      
 13181   59      14650    16.1379    16.4067    0.26879     10       820      
 13224.2 60      14783    16.1425    16.4067    0.264133    11       826      
 13224.4 60      14784    16.1425    16.4067    0.264133    11       826      
 13241.7 60      14800    16.1425    16.4067    0.264133    11       829      
 13242.1 60      14850    16.1425    16.4067    0.264133    11       829      
 13242.5 60      14900    16.1425    16.4067    0.264133    11       829      
 13285.9 61      15033    16.1462    16.4067    0.260469    12       835      
 13293   61      15034    16.1462    16.4067    0.260469    12       836      
 13350.9 61      15050    16.1462    16.4067    0.260469    12       845      
 13351.3 61      15100    16.1462    16.4067    0.260469    12       845      
 13351.7 61      15150    16.1462    16.4067    0.260469    12       845      
 13403.7 62      15285    16.1496    16.4066    0.257058    12       852      
 13403.9 62      15286    16.1496    16.4066    0.257058    12       852      
 13421.3 62      15300    16.1496    16.4066    0.257058    11       855      
 13421.7 62      15350    16.1496    16.4066    0.257058    11       855      
 13522.3 62      15400    16.1496    16.4066    0.257058    14       869      
 13590.4 63      15535    16.1534    16.4066    0.25326     15       878      
 13590.6 63      15536    16.1534    16.4066    0.25326     15       878      
 13590.9 63      15550    16.1534    16.4066    0.25326     12       878      
 13591.3 63      15600    16.1534    16.4066    0.25326     12       878      
 13591.7 63      15650    16.1534    16.4066    0.25326     12       878      
 13660.3 64      15787    16.1575    16.4066    0.249113    13       887      
 13660.5 64      15788    16.1575    16.4066    0.249113    13       887      
 13660.8 64      15800    16.1575    16.4066    0.249113    11       887      
 13661.2 64      15850    16.1575    16.4066    0.249113    11       887      
 13661.6 64      15900    16.1575    16.4066    0.249113    11       887      
 13708.7 65      16037    16.16      16.4066    0.246664    13       893      
 13708.9 65      16038    16.16      16.4066    0.246664    13       893      
 13709.1 65      16050    16.16      16.4066    0.246664    13       893      
 13709.5 65      16100    16.16      16.4066    0.246664    13       893      
 13710   65      16150    16.16      16.4066    0.246664    14       893      
 13764.1 66      16289    16.1637    16.4066    0.242938    12       900      
 13764.3 66      16290    16.1637    16.4066    0.242938    12       900      
 13764.6 66      16300    16.1637    16.4066    0.242938    10       900      
 13765   66      16350    16.1637    16.4066    0.242938    10       900      
 13765.4 66      16400    16.1637    16.4066    0.242938    10       900      
 13820.6 67      16539    16.1673    16.4066    0.239276    13       907      
 13820.8 67      16540    16.1673    16.4066    0.239276    13       907      
 13838.6 67      16550    16.1673    16.4066    0.239276    12       910      
 13877.7 67      16600    16.1673    16.4066    0.239276    13       916      
 13990.8 67      16650    16.1673    16.4066    0.239276    14       932      
 14094.6 68      16791    16.1702    16.4066    0.236364    13       945      
 14094.8 68      16792    16.1702    16.4066    0.236364    13       945      
 14114.6 68      16800    16.1702    16.4066    0.236364    12       948      
 14115.1 68      16850    16.1702    16.4066    0.236364    12       948      
 14139.6 68      16900    16.1702    16.4066    0.236364    12       951      
 14260   69      17043    16.1735    16.4066    0.233156    19       967      
 14268.3 69      17044    16.1735    16.4066    0.233156    19       968      
 14314.7 69      17050    16.1735    16.4066    0.233156    13       974      
 14315.4 69      17100    16.1735    16.4066    0.233156    13       974      
 14315.8 69      17150    16.1735    16.4066    0.233156    13       974      
 14375.5 70      17295    16.1759    16.4066    0.230717    13       981      
 14375.8 70      17296    16.1759    16.4066    0.230717    13       981      
 14376   70      17300    16.1759    16.4066    0.230717    13       981      
 14376.5 70      17350    16.1759    16.4066    0.230717    14       981      
 14377   70      17400    16.1759    16.4066    0.230717    14       981      
 14479.2 71      17547    16.1788    16.4066    0.2278      12       993      
 14479.4 71      17548    16.1788    16.4066    0.2278      12       993      
 14479.6 71      17550    16.1788    16.4066    0.2278      12       993      
 14480.1 71      17600    16.1788    16.4066    0.2278      13       993      
 14480.5 71      17650    16.1788    16.4066    0.2278      13       993      
 14540.6 72      17799    16.1827    16.4066    0.223898    13       1000     
 14540.8 72      17800    16.1827    16.4066    0.223898    13       1000     
 14541   72      17801    16.1827    16.4066    0.223898    13       1000     
 14541.5 72      17850    16.1827    16.4066    0.223898    12       1000     
 14542   72      17900    16.1827    16.4066    0.223898    12       1000     
 14602.7 73      18049    16.1851    16.4066    0.221507    13       1007     
 14603   73      18050    16.1851    16.4066    0.221507    13       1007     
 14611.8 73      18051    16.1851    16.4066    0.221507    13       1008     
 14676   73      18100    16.1851    16.4066    0.221507    15       1017     
 14750.9 73      18150    16.1851    16.4066    0.221507    15       1027     
 14901.2 74      18299    16.1877    16.4066    0.218921    15       1044     
 14901.5 74      18300    16.1877    16.4066    0.218921    15       1044     
 14901.7 74      18301    16.1877    16.4066    0.218921    15       1044     
 14902.2 74      18350    16.1877    16.4066    0.218921    11       1044     
 14902.6 74      18400    16.1877    16.4066    0.218921    11       1044     
 15021.1 75      18549    16.1897    16.4066    0.216885    15       1057     
 15021.4 75      18550    16.1897    16.4066    0.216885    15       1057     
 15021.6 75      18551    16.1897    16.4066    0.216885    15       1057     
 15022.1 75      18600    16.1897    16.4066    0.216885    12       1057     
 15022.6 75      18650    16.1897    16.4066    0.216885    12       1057     
 15077.8 76      18799    16.1919    16.4066    0.214658    13       1063     
 15078   76      18800    16.1919    16.4066    0.214658    13       1063     
 15078.2 76      18801    16.1919    16.4066    0.214658    14       1063     
 15078.8 76      18850    16.1919    16.4066    0.214658    13       1063     
 15099.6 76      18900    16.1919    16.4066    0.214658    13       1066     
 15254.7 77      19049    16.1942    16.4066    0.212343    13       1083     
 15254.9 77      19050    16.1942    16.4066    0.212343    13       1083     
 15255.2 77      19051    16.1942    16.4066    0.212343    13       1083     
 15255.7 77      19100    16.1942    16.4066    0.212343    12       1083     
 15330.9 77      19150    16.1942    16.4066    0.212343    11       1092     
 15535.7 78      19299    16.196     16.4066    0.210585    16       1115     
 15535.9 78      19300    16.196     16.4066    0.210585    16       1115     
 15536.2 78      19301    16.196     16.4066    0.210585    16       1115     
 15548.8 78      19350    16.196     16.4066    0.210585    13       1117     
 15549.3 78      19400    16.196     16.4066    0.210585    13       1117     
 15700.9 79      19551    16.1983    16.4066    0.208276    14       1133     
 15701.1 79      19552    16.1983    16.4066    0.208276    14       1133     
 15701.4 79      19553    16.1983    16.4066    0.208276    14       1133     
 15709.1 79      19600    16.1983    16.4066    0.208276    16       1134     
 15709.6 79      19650    16.1983    16.4066    0.208276    16       1134     
 15838.3 80      19801    16.2005    16.4066    0.206025    14       1148     
 15838.6 80      19802    16.2005    16.4066    0.206025    14       1148     
 15838.9 80      19803    16.2005    16.4066    0.206025    14       1148     
 15839.4 80      19850    16.2005    16.4066    0.206025    13       1148     
 15839.9 80      19900    16.2005    16.4066    0.206025    13       1148     
 15909.8 81      20053    16.2026    16.4065    0.203965    12       1155     
 15910   81      20054    16.2026    16.4065    0.203965    12       1155     
 15910.3 81      20055    16.2026    16.4065    0.203965    12       1155     
 15910.8 81      20100    16.2026    16.4065    0.203965    12       1155     
 15911.3 81      20150    16.2026    16.4065    0.203965    12       1155     
 15991.7 82      20305    16.2047    16.4065    0.201816    12       1163     
 15991.9 82      20306    16.2047    16.4065    0.201816    12       1163     
 15992.2 82      20307    16.2047    16.4065    0.201816    12       1163     
 15992.7 82      20350    16.2047    16.4065    0.201816    12       1163     
 15993.2 82      20400    16.2047    16.4065    0.201816    12       1163     
 16054.4 83      20557    16.2063    16.4065    0.200218    14       1169     
 16054.7 83      20558    16.2063    16.4065    0.200218    14       1169     
 16055   83      20559    16.2063    16.4065    0.200218    14       1169     
 16055.4 83      20600    16.2063    16.4065    0.200218    14       1169     
 16055.9 83      20650    16.2063    16.4065    0.200218    14       1169     
 16107.3 84      20809    16.2085    16.4065    0.198059    14       1174     
 16107.6 84      20810    16.2085    16.4065    0.198059    14       1174     
 16107.8 84      20811    16.2085    16.4065    0.198059    14       1174     
 16108.3 84      20850    16.2085    16.4065    0.198059    12       1174     
 16108.8 84      20900    16.2085    16.4065    0.198059    12       1174     
 16168.7 85      21059    16.2103    16.4065    0.19629     14       1180     
 16169   85      21060    16.2103    16.4065    0.19629     14       1180     
 16169.2 85      21061    16.2103    16.4065    0.19629     14       1180     
 16177.2 85      21100    16.2103    16.4065    0.19629     20       1181     
 16177.8 85      21150    16.2103    16.4065    0.19629     20       1181     
 16401.4 86      21309    16.2116    16.4065    0.194914    22       1203     
 16401.7 86      21310    16.2116    16.4065    0.194914    22       1203     
 16401.9 86      21311    16.2116    16.4065    0.194914    22       1203     
 16417.8 86      21350    16.2116    16.4065    0.194914    17       1205     
 16418.3 86      21400    16.2116    16.4065    0.194914    17       1205     
 16603.1 87      21561    16.2136    16.4065    0.192911    14       1224     
 16603.4 87      21562    16.2136    16.4065    0.192911    14       1224     
 16603.7 87      21563    16.2136    16.4065    0.192911    14       1224     
 16604.2 87      21600    16.2136    16.4065    0.192911    12       1224     
 16604.7 87      21650    16.2136    16.4065    0.192911    12       1224     
 16688.1 88      21811    16.2154    16.4065    0.191146    13       1232     
 16688.4 88      21812    16.2154    16.4065    0.191146    13       1232     
 16688.7 88      21813    16.2154    16.4065    0.191146    13       1232     
 16689.2 88      21850    16.2154    16.4065    0.191146    12       1232     
 16689.7 88      21900    16.2154    16.4065    0.191146    12       1232     
 16786.6 89      22063    16.2175    16.4065    0.189059    15       1241     
 16786.8 89      22064    16.2175    16.4065    0.189059    15       1241     
 16787.1 89      22065    16.2175    16.4065    0.189059    14       1241     
 16787.7 89      22100    16.2175    16.4065    0.189059    13       1241     
 16788.2 89      22150    16.2175    16.4065    0.189059    13       1241     
 16936.6 90      22313    16.2188    16.4065    0.187752    16       1255     
 16936.9 90      22314    16.2188    16.4065    0.187752    17       1255     
 16937.2 90      22315    16.2188    16.4065    0.187752    17       1255     
 16937.7 90      22350    16.2188    16.4065    0.187752    17       1255     
 16938.3 90      22400    16.2188    16.4065    0.187752    17       1255     
 17070.3 91      22565    16.2209    16.4065    0.185606    11       1267     
 17070.6 91      22566    16.2209    16.4065    0.185606    11       1267     
 17070.9 91      22567    16.2209    16.4065    0.185606    11       1267     
 17071.4 91      22600    16.2209    16.4065    0.185606    12       1267     
 17071.9 91      22650    16.2209    16.4065    0.185606    12       1267     
 17139.1 92      22815    16.2226    16.4065    0.183927    11       1273     
 17139.4 92      22816    16.2226    16.4065    0.183927    11       1273     
 17139.7 92      22817    16.2226    16.4065    0.183927    11       1273     
 17140.2 92      22850    16.2226    16.4065    0.183927    11       1273     
 17140.7 92      22900    16.2226    16.4065    0.183927    11       1273     
 17208.2 93      23065    16.2237    16.4065    0.182859    15       1279     
 17208.5 93      23066    16.2237    16.4065    0.182859    15       1279     
 17208.8 93      23067    16.2237    16.4065    0.182859    15       1279     
 17209.3 93      23100    16.2237    16.4065    0.182859    13       1279     
 17209.9 93      23150    16.2237    16.4065    0.182859    13       1279     
 17299.9 94      23317    16.2253    16.4065    0.181226    14       1287     
 17300.2 94      23318    16.2253    16.4065    0.181226    14       1287     
 17300.5 94      23319    16.2253    16.4065    0.181226    14       1287     
 17301   94      23350    16.2253    16.4065    0.181226    13       1287     
 17301.5 94      23400    16.2253    16.4065    0.181226    13       1287     
 17405.5 95      23569    16.2271    16.4065    0.179447    16       1296     
 17405.8 95      23570    16.2271    16.4065    0.179447    16       1296     
 17406.1 95      23571    16.2271    16.4065    0.179447    16       1296     
 17425.2 95      23600    16.2271    16.4065    0.179447    16       1298     
 17425.8 95      23650    16.2271    16.4065    0.179447    16       1298     
 17524.6 96      23819    16.2283    16.4065    0.178177    17       1306     
 17524.9 96      23820    16.2283    16.4065    0.178177    17       1306     
 17525.2 96      23821    16.2283    16.4065    0.178177    17       1306     
 17525.8 96      23850    16.2283    16.4065    0.178177    15       1306     
 17526.3 96      23900    16.2283    16.4065    0.178177    15       1306     
 17622.4 97      24069    16.2291    16.4065    0.177415    18       1314     
 17622.7 97      24070    16.2291    16.4065    0.177415    18       1314     
 17623   97      24071    16.2291    16.4065    0.177415    18       1314     
 17623.5 97      24100    16.2291    16.4065    0.177415    16       1314     
 17624.1 97      24150    16.2291    16.4065    0.177415    16       1314     
 17817.7 98      24321    16.2306    16.4065    0.175932    16       1330     
 17818   98      24322    16.2306    16.4065    0.175932    16       1330     
 17818.3 98      24323    16.2306    16.4065    0.175932    16       1330     
 17818.8 98      24350    16.2306    16.4065    0.175932    14       1330     
 17819.4 98      24400    16.2306    16.4065    0.175932    14       1330     
 17946.8 99      24571    16.2318    16.4065    0.174727    17       1340     
 17947.1 99      24572    16.2318    16.4065    0.174727    17       1340     
 17947.4 99      24573    16.2318    16.4065    0.174727    17       1340     
 17947.9 99      24600    16.2318    16.4065    0.174727    15       1340     
 17948.5 99      24650    16.2318    16.4065    0.174727    15       1340     
 18027.4 100     24821    16.2328    16.4065    0.173679    15       1346     
 18027.7 100     24822    16.2328    16.4065    0.173679    15       1346     
 18028   100     24823    16.2328    16.4065    0.173679    15       1346     
 18028.6 100     24850    16.2328    16.4065    0.173679    15       1346     
 18042.1 100     24900    16.2328    16.4065    0.173679    14       1347     
 18174.3 101     25071    16.234     16.4065    0.1725      13       1358     
 18174.6 101     25072    16.234     16.4065    0.1725      13       1358     
 18175   101     25073    16.234     16.4065    0.1725      13       1358     
 18175.5 101     25100    16.234     16.4065    0.1725      12       1358     
 18176.1 101     25150    16.234     16.4065    0.1725      12       1358     
 18269.3 102     25323    16.2356    16.4065    0.1709      14       1365     
 18269.6 102     25324    16.2356    16.4065    0.1709      14       1365     
 18269.9 102     25325    16.2356    16.4065    0.1709      14       1365     
 18270.4 102     25350    16.2356    16.4065    0.1709      13       1365     
 18271   102     25400    16.2356    16.4065    0.1709      13       1365     
 18409.3 103     25573    16.2366    16.4065    0.169907    13       1375     
 18409.7 103     25574    16.2366    16.4065    0.169907    13       1375     
 18410   103     25575    16.2366    16.4065    0.169907    13       1375     
 18462.3 103     25600    16.2366    16.4065    0.169907    14       1380     
 18462.9 103     25650    16.2366    16.4065    0.169907    14       1380     
 18658   104     25823    16.2377    16.4065    0.168758    14       1394     
 18658.3 104     25824    16.2377    16.4065    0.168758    14       1394     
 18658.7 104     25825    16.2377    16.4065    0.168758    14       1394     
 18668.2 104     25850    16.2377    16.4065    0.168758    15       1395     
 18668.8 104     25900    16.2377    16.4065    0.168758    15       1395     
 19145.6 105     26073    16.2388    16.4065    0.167638    17       1432     
 19145.9 105     26074    16.2388    16.4065    0.167638    17       1432     
 19146.3 105     26075    16.2388    16.4065    0.167638    18       1432     
 19146.9 105     26100    16.2388    16.4065    0.167638    16       1432     
 19147.6 105     26150    16.2388    16.4065    0.167638    16       1432     
 19497.3 106     26323    16.24      16.4065    0.166441    15       1457     
 19497.6 106     26324    16.24      16.4065    0.166441    15       1457     
 19498   106     26325    16.24      16.4065    0.166441    15       1457     
 19498.5 106     26350    16.24      16.4065    0.166441    14       1457     
 19499.2 106     26400    16.24      16.4065    0.166441    14       1457     
 19657.9 107     26575    16.2416    16.4065    0.164866    14       1468     
 19658.3 107     26576    16.2416    16.4065    0.164866    14       1468     
 19658.7 107     26577    16.2416    16.4065    0.164866    12       1468     
 19659.2 107     26600    16.2416    16.4065    0.164866    14       1468     
 19659.9 107     26650    16.2416    16.4065    0.164866    14       1468     
 19800.6 108     26700    16.2416    16.4065    0.164866    16       1478     
 19802.1 108     26825    16.2426    16.4065    0.163879    17       1478     
 19802.5 108     26826    16.2426    16.4065    0.163879    17       1478     
 19803   108     26850    16.2426    16.4065    0.163879    15       1478     
 19803.6 108     26900    16.2426    16.4065    0.163879    15       1478     
 19950.3 109     26950    16.2426    16.4065    0.163879    20       1489     
 19952   109     27075    16.2436    16.4065    0.162842    14       1489     
 19952.3 109     27076    16.2436    16.4065    0.162842    14       1489     
 19952.8 109     27100    16.2436    16.4065    0.162842    14       1489     
 19953.5 109     27150    16.2436    16.4065    0.162842    14       1489     
 20089.4 109     27200    16.2436    16.4065    0.162842    14       1498     
-------------------------------------------------------------------------------

SARSOP finishing ...
  Preset timeout reached
  Timeout     : 20000.000000s
  Actual Time : 20089.380000s

-------------------------------------------------------------------------------
 Time   |#Trial |#Backup |LBound    |UBound    |Precision  |#Alphas |#Beliefs  
-------------------------------------------------------------------------------
 20089.4 109     27200    16.2436    16.4065    0.162842    14       1498     
-------------------------------------------------------------------------------

Writing out policy ...
  output file : pomdp_historical/167e2d3e5809.policyx

