
Loading the model ...
  input file   : /global/home/users/cboettig/pomdp-intro/appendix/pomdp_historical/167e05185a251.pomdpx
  loading time : 15.63s 

SARSOP initializing ...
  initialization time : 10593.05s

-------------------------------------------------------------------------------
 Time   |#Trial |#Backup |LBound    |UBound    |Precision  |#Alphas |#Beliefs  
-------------------------------------------------------------------------------
 10593   0       0        10.0801    17.4331    7.353       150      1        
 10647.6 0       50       11.3535    16.0555    4.70201     84       51       
 10763.7 1       179      13.1883    16.0503    2.86193     62       91       
 10767.1 1       180      13.1883    16.0503    2.86193     32       92       
 10843.3 1       200      13.1883    16.0503    2.86193     15       112      
 11118.6 1       250      13.1883    16.0503    2.86193     17       161      
 11237.7 2       415      13.5332    16.0492    2.51601     11       176      
 11245.4 2       416      13.5332    16.0492    2.51601     12       177      
 11253.4 2       417      13.5332    16.0492    2.51601     12       178      
 11575.4 2       450      13.5332    16.0492    2.51601     8        211      
 12196.8 2       500      13.5332    16.0492    2.51601     10       259      
 12724.1 3       649      13.8075    16.0475    2.24002     8        290      
 12741.6 3       650      13.8075    16.0475    2.24002     9        291      
 12759.3 3       651      13.8075    16.0475    2.24002     9        292      
 13156.3 3       700      13.8075    16.0475    2.24002     9        313      
 13238.4 3       750      13.8075    16.0475    2.24002     10       317      
 13580   4       885      14.0272    16.0471    2.01987     9        333      
 13601.8 4       886      14.0272    16.0471    2.01987     10       334      
 13918   4       900      14.0272    16.0471    2.01987     8        348      
 14037   4       950      14.0272    16.0471    2.01987     9        353      
 14512.6 4       1000     14.0272    16.0471    2.01987     6        372      
 14621.4 5       1125     14.1481    16.0468    1.89867     7        376      
 14647.7 5       1126     14.1481    16.0468    1.89867     8        377      
 15319.4 5       1150     14.1481    16.0468    1.89867     8        401      
 15474.6 5       1200     14.1481    16.0468    1.89867     8        407      
 16709.9 6       1367     14.2807    16.0466    1.76598     7        442      
 16745   6       1368     14.2807    16.0466    1.76598     8        443      
 16779.7 6       1369     14.2807    16.0466    1.76598     7        444      
 17268.4 6       1400     14.2807    16.0466    1.76598     7        458      
 17268.8 6       1450     14.2807    16.0466    1.76598     7        458      
 18519.3 7       1609     14.3799    16.0464    1.66652     9        488      
 18560.5 7       1610     14.3799    16.0464    1.66652     10       489      
 18601.6 7       1611     14.3799    16.0464    1.66652     10       490      
 19205.8 7       1650     14.3799    16.0464    1.66652     9        505      
 19206.3 7       1700     14.3799    16.0464    1.66652     9        505      
 19801.8 8       1853     14.448     16.0464    1.59833     9        517      
 19865.6 8       1854     14.448     16.0464    1.59833     10       518      
 19929.3 8       1855     14.448     16.0464    1.59833     11       519      
 20656.4 8       1900     14.448     16.0464    1.59833     11       531      
-------------------------------------------------------------------------------

SARSOP finishing ...
  Preset timeout reached
  Timeout     : 20000.000000s
  Actual Time : 20656.450000s

-------------------------------------------------------------------------------
 Time   |#Trial |#Backup |LBound    |UBound    |Precision  |#Alphas |#Beliefs  
-------------------------------------------------------------------------------
 20656.4 8       1900     14.448     16.0464    1.59833     11       531      
-------------------------------------------------------------------------------

Writing out policy ...
  output file : pomdp_historical/167e05185a251.policyx

