
Loading the model ...
  input file   : /home/rstudio/projects/boettiger-lab/pomdp-intro/pomdp_intro/pomdp_intro.pomdpx
  loading time : 4.75s 

SARSOP initializing ...
  initialization time : 4079.76s

-------------------------------------------------------------------------------
 Time   |#Trial |#Backup |LBound    |UBound    |Precision  |#Alphas |#Beliefs  
-------------------------------------------------------------------------------
 4079.76 0       0        10.4983    16.4142    5.91589     100      1        
 4134.67 0       50       10.8368    16.3332    5.49644     43       51       
 4144.47 1       107      12.2091    16.3246    4.11548     19       55       
 4287    1       150      12.2091    16.3246    4.11548     14       97       
 4390.07 2       233      12.722     16.3238    3.60184     13       117      
 4494.61 2       250      12.722     16.3238    3.60184     10       134      
 4888.95 3       361      13.2001    16.3227    3.12256     8        180      
 4897.29 3       362      13.2001    16.3227    3.12256     8        181      
 5299.13 3       400      13.2001    16.3227    3.12256     6        219      
 5641.53 4       491      13.5456    16.322     2.77641     8        245      
 5759.94 4       500      13.5456    16.322     2.77641     9        254      
 6410.38 4       550      13.5456    16.322     2.77641     8        300      
 6516.87 5       625      13.7017    16.3212    2.61953     7        307      
 6925.92 5       650      13.7017    16.3212    2.61953     10       332      
 7835.24 6       761      13.8421    16.321     2.47886     10       374      
 7856.9  6       762      13.8421    16.321     2.47886     11       375      
 8782.39 6       800      13.8421    16.321     2.47886     10       413      
 9553.14 7       895      14.0303    16.32      2.28968     6        440      
 9685.32 7       900      14.0303    16.32      2.28968     6        445      
 11294.9 7       950      14.0303    16.32      2.28968     9        495      
-------------------------------------------------------------------------------

SARSOP finishing ...
  Preset timeout reached
  Timeout     : 10000.000000s
  Actual Time : 11294.940000s

-------------------------------------------------------------------------------
 Time   |#Trial |#Backup |LBound    |UBound    |Precision  |#Alphas |#Beliefs  
-------------------------------------------------------------------------------
 11294.9 7       950      14.0303    16.32      2.28968     9        495      
-------------------------------------------------------------------------------

Writing out policy ...
  output file : pomdp_intro/pomdp_intro.policyx

