
Loading the model ...
  input file   : /home/rstudio/docs/pomdp-intro/appendix/appendix_alphas_harvestfirst/c63705c772.pomdpx
  loading time : 4.51s 

SARSOP initializing ...
  initialization time : 1651.22s

-------------------------------------------------------------------------------
 Time   |#Trial |#Backup |LBound    |UBound    |Precision  |#Alphas |#Beliefs  
-------------------------------------------------------------------------------
 1651.22 0       0        12.3706    18.7959    6.42535     100      1        
 1654.7  1       50       16.7554    18.3686    1.61328     47       44       
 1656.59 2       103      17.1178    18.3681    1.2502      68       53       
 1664.34 3       175      17.4039    18.3674    0.963491    53       89       
 1673.67 3       200      17.4039    18.3674    0.963491    40       114      
 1680.18 4       250      17.6029    18.3672    0.764279    24       128      
 1696.91 5       323      17.7263    18.3668    0.640492    26       162      
 1703.47 5       350      17.7263    18.3668    0.640492    28       186      
 1707.71 6       400      17.8667    18.3667    0.500007    26       198      
 1721.63 7       481      17.9711    18.3666    0.395516    23       237      
 1729.85 7       500      17.9711    18.3666    0.395516    23       256      
 1745.73 8       581      17.9994    18.3663    0.366898    24       286      
 1755.94 8       600      17.9994    18.3663    0.366898    17       305      
 1772.72 9       671      18.0556    18.3663    0.310681    16       330      
 1793.14 9       700      18.0556    18.3663    0.310681    19       359      
 1812.5  10      771      18.0744    18.3663    0.291905    18       380      
 1837.45 10      800      18.0744    18.3663    0.291905    18       409      
 1860.44 11      871      18.0958    18.3661    0.270346    15       430      
 1888.47 11      900      18.0958    18.3661    0.270346    14       459      
 1913.07 12      969      18.1207    18.366     0.245256    11       479      
 1942.84 12      1000     18.1207    18.366     0.245256    14       510      
 1968.4  13      1073     18.1308    18.3657    0.234848    16       530      
 1994.01 13      1100     18.1308    18.3657    0.234848    13       557      
 2023.14 14      1175     18.1493    18.3656    0.216363    14       580      
 2047.84 14      1200     18.1493    18.3656    0.216363    18       605      
 2084.09 15      1283     18.1578    18.3656    0.207829    16       633      
 2101.36 15      1300     18.1578    18.3656    0.207829    18       650      
 2148.48 16      1387     18.1693    18.3656    0.196316    21       685      
 2161.9  16      1400     18.1693    18.3656    0.196316    22       698      
 2217.83 17      1495     18.1756    18.3655    0.189876    17       738      
 2222.97 17      1500     18.1756    18.3655    0.189876    20       743      
 2283.9  18      1550     18.1756    18.3655    0.189876    16       792      
 2284.72 18      1605     18.1812    18.3655    0.184291    21       792      
 2342.62 18      1650     18.1812    18.3655    0.184291    21       837      
 2357.63 19      1715     18.1876    18.3655    0.177833    20       846      
 2405.01 19      1750     18.1876    18.3655    0.177833    23       881      
 2437.99 20      1827     18.1914    18.3654    0.174093    26       901      
 2469.9  20      1850     18.1914    18.3654    0.174093    21       924      
 2524.65 21      1939     18.1959    18.3654    0.169493    22       956      
 2539.54 21      1950     18.1959    18.3654    0.169493    29       967      
 2612.15 22      2051     18.1989    18.3654    0.166502    25       1012     
 2613.51 22      2052     18.1989    18.3654    0.166502    24       1013     
 2698.06 22      2100     18.1989    18.3654    0.166502    28       1061     
 2711.91 23      2163     18.2031    18.3653    0.162202    22       1067     
 2773.45 23      2200     18.2031    18.3653    0.162202    34       1104     
 2812.61 24      2277     18.2045    18.3653    0.16073     33       1124     
 2852.62 24      2300     18.2045    18.3653    0.16073     34       1147     
 2922.06 25      2391     18.2073    18.365     0.157702    24       1180     
 2937.35 25      2400     18.2073    18.365     0.157702    29       1189     
 3037.15 26      2507     18.2101    18.365     0.154825    24       1237     
 3038.84 26      2508     18.2101    18.365     0.154825    22       1238     
 3122.69 26      2550     18.2101    18.365     0.154825    25       1280     
 3154.98 27      2621     18.2123    18.365     0.15263     23       1293     
 3210.69 27      2650     18.2123    18.365     0.15263     33       1322     
 3270.9  28      2735     18.2142    18.365     0.150786    31       1349     
 3298.66 28      2750     18.2142    18.365     0.150786    36       1364     
 3393.55 29      2851     18.2157    18.3649    0.149293    34       1406     
 3395.62 29      2852     18.2157    18.3649    0.149293    35       1407     
 3503.26 29      2900     18.2157    18.3649    0.149293    27       1455     
 3526.87 30      2967     18.2166    18.3649    0.148325    26       1463     
 3603.39 30      3000     18.2166    18.3649    0.148325    33       1495     
 3668.23 31      3081     18.2174    18.3649    0.147494    30       1518     
 3714.1  31      3100     18.2174    18.3649    0.147494    30       1537     
 3822.45 32      3197     18.2185    18.3649    0.146417    32       1575     
 3829.29 32      3200     18.2185    18.3649    0.146417    31       1578     
 3968.23 32      3250     18.2185    18.3649    0.146417    42       1628     
 3979.32 33      3311     18.2201    18.3649    0.144763    36       1631     
 4089.24 33      3350     18.2201    18.3649    0.144763    39       1670     
 4143.49 34      3423     18.2205    18.3649    0.144447    33       1686     
 4222.05 34      3450     18.2205    18.3649    0.144447    40       1713     
 4319.93 35      3535     18.2207    18.3649    0.144214    46       1741     
 4357.35 35      3550     18.2207    18.3649    0.144214    44       1754     
 4489.26 36      3649     18.2208    18.3649    0.144144    57       1795     
 4492.75 36      3650     18.2208    18.3649    0.144144    52       1796     
 4665.07 36      3700     18.2208    18.3649    0.144144    60       1846     
 4685.74 37      3763     18.2223    18.3649    0.142562    38       1851     
 4815.66 37      3800     18.2223    18.3649    0.142562    29       1888     
 4900.16 38      3879     18.2235    18.3649    0.141405    26       1908     
 4961.94 38      3900     18.2235    18.3649    0.141405    35       1927     
 5098.72 39      3993     18.2243    18.3648    0.14052     32       1962     
 5120.01 39      4000     18.2243    18.3648    0.14052     38       1969     
 5294.84 39      4050     18.2243    18.3648    0.14052     33       2019     
 5296.99 40      4109     18.2248    18.3648    0.140051    35       2019     
 5431.66 40      4150     18.2248    18.3648    0.140051    35       2058     
 5489.69 41      4223     18.2264    18.3648    0.138385    32       2073     
 5586.54 41      4250     18.2264    18.3648    0.138385    49       2099     
 5719.88 42      4339     18.2266    18.3648    0.138165    57       2129     
 5762.01 42      4350     18.2266    18.3648    0.138165    59       2139     
 5974.55 43      4455     18.2267    18.3648    0.138063    39       2185     
 5979.11 43      4456     18.2267    18.3648    0.138063    40       2186     
 6198.88 43      4500     18.2267    18.3648    0.138063    36       2230     
 6267.01 44      4571     18.2276    18.3648    0.137227    33       2242     
 6409.23 44      4600     18.2276    18.3648    0.137227    43       2270     
 6576.3  45      4685     18.2289    18.3648    0.135911    38       2297     
 6609.83 45      4700     18.2289    18.3648    0.135911    44       2304     
 6844.5  46      4801     18.2294    18.3648    0.135394    43       2346     
 6845.1  46      4802     18.2294    18.3648    0.135394    43       2346     
 7111.58 46      4850     18.2294    18.3648    0.135394    64       2394     
 7163.58 47      4919     18.2296    18.3648    0.135129    52       2403     
 7335.32 47      4950     18.2296    18.3648    0.135129    56       2433     
 7501.65 48      5035     18.2299    18.3648    0.134817    46       2459     
 7585.45 48      5050     18.2299    18.3648    0.134817    52       2473     
 7888.42 49      5151     18.2302    18.3648    0.134573    38       2515     
 7896.03 49      5152     18.2302    18.3648    0.134573    38       2516     
 8253.66 49      5200     18.2302    18.3648    0.134573    37       2564     
 8322.87 50      5267     18.2308    18.3647    0.133987    34       2572     
 8557.93 50      5300     18.2308    18.3647    0.133987    41       2604     
 8765.87 51      5385     18.2319    18.3647    0.132808    33       2629     
 8867.4  51      5400     18.2319    18.3647    0.132808    42       2643     
 9228.2  52      5501     18.2321    18.3647    0.132652    40       2685     
 9228.9  52      5502     18.2321    18.3647    0.132652    40       2685     
 9514.09 52      5550     18.2321    18.3647    0.132652    57       2724     
 9582.13 53      5619     18.2323    18.3647    0.132463    41       2733     
 9790.27 53      5650     18.2323    18.3647    0.132463    46       2764     
 9994.44 54      5737     18.2331    18.3647    0.131657    42       2791     
 10092.7 54      5750     18.2331    18.3647    0.131657    43       2804     
 10429.4 55      5853     18.2333    18.3647    0.131451    36       2848     
 10435.8 55      5854     18.2333    18.3647    0.131451    37       2849     
 10806.5 55      5900     18.2333    18.3647    0.131451    45       2895     
 10901.5 56      5971     18.2337    18.3647    0.130956    51       2906     
 11121.2 56      6000     18.2337    18.3647    0.130956    65       2934     
 11347.3 57      6087     18.2339    18.3647    0.130819    55       2962     
 11456.1 57      6100     18.2339    18.3647    0.130819    64       2975     
 11833.5 58      6207     18.234     18.3647    0.130656    52       3021     
 11842.9 58      6208     18.234     18.3647    0.130656    53       3022     
 12173.9 58      6250     18.234     18.3647    0.130656    58       3064     
 12296.4 59      6325     18.2342    18.3647    0.130502    50       3079     
 12496.7 59      6350     18.2342    18.3647    0.130502    63       3102     
 12813.7 60      6443     18.2342    18.3647    0.130455    55       3135     
 12872.9 60      6450     18.2342    18.3647    0.130455    54       3141     
 13310.3 60      6500     18.2342    18.3647    0.130455    53       3191     
 13322.3 61      6561     18.2347    18.3647    0.129996    48       3192     
 13647.9 61      6600     18.2347    18.3647    0.129996    62       3230     
 13808   62      6679     18.2348    18.3647    0.129913    51       3249     
 13977.7 62      6700     18.2348    18.3647    0.129913    55       3269     
 14309.1 63      6797     18.235     18.3647    0.129666    44       3306     
 14319.2 63      6800     18.235     18.3647    0.129666    46       3307     
 14826   63      6850     18.235     18.3647    0.129666    59       3357     
 14866.2 64      6911     18.2352    18.3647    0.129425    52       3360     
 15208.7 64      6950     18.2352    18.3647    0.129425    67       3395     
-------------------------------------------------------------------------------

SARSOP finishing ...
  Preset timeout reached
  Timeout     : 15000.000000s
  Actual Time : 15208.730000s

-------------------------------------------------------------------------------
 Time   |#Trial |#Backup |LBound    |UBound    |Precision  |#Alphas |#Beliefs  
-------------------------------------------------------------------------------
 15208.7 64      6950     18.2352    18.3647    0.129425    67       3395     
-------------------------------------------------------------------------------

Writing out policy ...
  output file : appendix_alphas_harvestfirst/c63705c772.policyx

