
Loading the model ...
  input file   : /home/rstudio/docs/pomdp-intro/appendix/appendix_alphas_harvestfirst/c93705c772.pomdpx
  loading time : 4.80s 

SARSOP initializing ...
  initialization time : 1667.08s

-------------------------------------------------------------------------------
 Time   |#Trial |#Backup |LBound    |UBound    |Precision  |#Alphas |#Beliefs  
-------------------------------------------------------------------------------
 1667.08 0       0        12.3706    18.7961    6.42552     100      1        
 1676.12 2       91       16.8922    18.3665    1.47438     36       47       
 1678.59 2       100      16.8922    18.3665    1.47438     45       56       
 1693.73 3       173      17.1059    18.3661    1.2602      39       87       
 1698.9  3       200      17.1059    18.3661    1.2602      47       107      
 1707.78 4       267      17.3067    18.3654    1.05869     50       127      
 1724.62 4       300      17.3067    18.3654    1.05869     49       160      
 1739.32 5       373      17.5076    18.3644    0.856762    46       180      
 1758.35 5       400      17.5076    18.3644    0.856762    39       207      
 1780.16 6       477      17.5992    18.3635    0.764262    32       232      
 1801.83 6       500      17.5992    18.3635    0.764262    32       255      
 1830.72 7       573      17.6667    18.3632    0.696517    30       279      
 1864.07 7       600      17.6667    18.3632    0.696517    19       306      
 1902.27 8       677      17.7555    18.3628    0.607244    15       331      
 1933.94 8       700      17.7555    18.3628    0.607244    12       354      
 1977.53 9       775      17.8364    18.3625    0.526059    16       379      
 1991.66 9       800      17.8364    18.3625    0.526059    27       397      
 2012.81 10      881      17.8864    18.3625    0.476039    32       414      
 2037.17 10      900      17.8864    18.3625    0.476039    38       433      
 2087.57 11      989      17.9173    18.3623    0.444989    42       468      
 2104.43 11      1000     17.9173    18.3623    0.444989    43       479      
 2182.16 12      1103     17.9546    18.3621    0.407438    39       525      
 2183.95 12      1104     17.9546    18.3621    0.407438    40       526      
 2267.07 12      1150     17.9546    18.3621    0.407438    42       572      
 2280.18 13      1211     17.9649    18.3616    0.396682    44       578      
 2359.85 13      1250     17.9649    18.3616    0.396682    42       617      
 2392.6  14      1319     17.9773    18.3615    0.384222    40       631      
 2462.88 14      1350     17.9773    18.3615    0.384222    34       662      
 2515.4  15      1423     17.9926    18.3614    0.368841    36       683      
 2583.46 15      1450     17.9926    18.3614    0.368841    39       710      
 2665.02 16      1535     18.0052    18.3609    0.355638    31       738      
 2704.28 16      1550     18.0052    18.3609    0.355638    35       753      
 2801.09 17      1635     18.0268    18.3608    0.333991    25       787      
 2843.63 17      1650     18.0268    18.3608    0.333991    35       802      
 2990.26 18      1755     18.0392    18.3607    0.321533    43       846      
 2993.02 18      1756     18.0392    18.3607    0.321533    43       847      
 3135.43 18      1800     18.0392    18.3607    0.321533    29       891      
 3167.95 19      1865     18.0476    18.3607    0.31303     30       900      
 3282.35 19      1900     18.0476    18.3607    0.31303     43       935      
 3351.98 20      1977     18.0507    18.3607    0.309919    37       955      
 3434.36 20      2000     18.0507    18.3607    0.309919    50       978      
 3565.26 21      2091     18.0541    18.3606    0.306554    44       1011     
 3600.56 21      2100     18.0541    18.3606    0.306554    41       1020     
 3814.94 22      2207     18.0594    18.3606    0.301231    29       1068     
 3819.17 22      2208     18.0594    18.3606    0.301231    30       1069     
 4025.51 22      2250     18.0594    18.3606    0.301231    41       1111     
 4094.44 23      2319     18.0609    18.3606    0.299618    43       1124     
 4254.65 23      2350     18.0609    18.3606    0.299618    45       1155     
 4393.16 24      2431     18.063     18.3601    0.297103    40       1179     
 4498.75 24      2450     18.063     18.3601    0.297103    40       1198     
 4702.27 25      2539     18.0654    18.3601    0.294697    40       1232     
 4762.67 25      2550     18.0654    18.3601    0.294697    37       1243     
 5038.38 26      2647     18.0703    18.3601    0.289797    49       1285     
 5053.58 26      2650     18.0703    18.3601    0.289797    52       1288     
 5380.52 26      2700     18.0703    18.3601    0.289797    46       1338     
 5398.03 27      2759     18.0718    18.3601    0.288298    48       1340     
 5668.41 27      2800     18.0718    18.3601    0.288298    43       1381     
 5769.36 28      2869     18.073     18.3601    0.287058    34       1394     
 5992.49 28      2900     18.073     18.3601    0.287058    39       1425     
 6206.56 29      2977     18.0747    18.3601    0.28536     38       1448     
 6390.37 29      3000     18.0747    18.3601    0.28536     35       1471     
 6635.39 30      3083     18.0815    18.3598    0.278297    33       1500     
 6779.24 30      3100     18.0815    18.3598    0.278297    36       1517     
 7123.66 31      3195     18.0821    18.3598    0.277647    43       1555     
 7167.51 31      3200     18.0821    18.3598    0.277647    44       1560     
 7684.87 31      3250     18.0821    18.3598    0.277647    65       1610     
 7747.65 32      3317     18.0856    18.3597    0.274072    67       1615     
 8112.08 32      3350     18.0856    18.3597    0.274072    69       1648     
 8375.6  33      3431     18.0887    18.3596    0.270934    43       1671     
 8585.76 33      3450     18.0887    18.3596    0.270934    47       1688     
 9032.96 34      3543     18.0918    18.3596    0.267797    38       1724     
 9114.83 34      3550     18.0918    18.3596    0.267797    42       1730     
 9779.54 35      3600     18.0918    18.3596    0.267797    48       1779     
 9784.07 35      3657     18.0929    18.3596    0.266735    43       1779     
 10407.8 35      3700     18.0929    18.3596    0.266735    53       1822     
 10590.2 36      3769     18.094     18.3596    0.265611    43       1834     
 11048.9 36      3800     18.094     18.3596    0.265611    51       1865     
 11447.9 37      3881     18.0946    18.3596    0.265013    42       1889     
 11735.9 37      3900     18.0946    18.3596    0.265013    43       1908     
 12308.9 38      3991     18.0954    18.3596    0.264128    37       1943     
 12428.5 38      4000     18.0954    18.3596    0.264128    40       1951     
 12983.6 39      4101     18.0969    18.3596    0.262684    40       1996     
 12993.2 39      4102     18.0969    18.3596    0.262684    40       1997     
 13565.3 39      4150     18.0969    18.3596    0.262684    53       2045     
 13707.4 40      4223     18.1009    18.3595    0.258595    45       2056     
 13970.5 40      4250     18.1009    18.3595    0.258595    48       2083     
 14224.8 41      4333     18.1026    18.3595    0.256928    39       2110     
 14365.4 41      4350     18.1026    18.3595    0.256928    44       2125     
 14720.9 42      4445     18.1051    18.3595    0.254389    42       2163     
 14756   42      4450     18.1051    18.3595    0.254389    47       2167     
 15209.6 42      4500     18.1051    18.3595    0.254389    67       2217     
-------------------------------------------------------------------------------

SARSOP finishing ...
  Preset timeout reached
  Timeout     : 15000.000000s
  Actual Time : 15209.640000s

-------------------------------------------------------------------------------
 Time   |#Trial |#Backup |LBound    |UBound    |Precision  |#Alphas |#Beliefs  
-------------------------------------------------------------------------------
 15209.6 42      4500     18.1051    18.3595    0.254389    67       2217     
-------------------------------------------------------------------------------

Writing out policy ...
  output file : appendix_alphas_harvestfirst/c93705c772.policyx

