
Loading the model ...
  input file   : /home/rstudio/docs/pomdp-intro/appendix/appendix_alphas_harvestfirst/ca3705c772.pomdpx
  loading time : 4.98s 

SARSOP initializing ...
  initialization time : 5521.91s

-------------------------------------------------------------------------------
 Time   |#Trial |#Backup |LBound    |UBound    |Precision  |#Alphas |#Beliefs  
-------------------------------------------------------------------------------
 5521.91 0       0        9.71464    18.007     8.2924      100      1        
 5570.54 0       50       10.3397    17.584     7.24431     29       49       
 5576.96 1       107      11.9715    17.5824    5.61093     10       53       
 5618.65 1       150      11.9715    17.5824    5.61093     5        82       
 5643.59 2       227      12.9429    17.5817    4.63882     7        93       
 5681.45 2       250      12.9429    17.5817    4.63882     6        113      
 5723.85 3       351      13.4748    17.5807    4.10594     7        129      
 5723.9  3       352      13.4748    17.5807    4.10594     7        129      
 5784.28 3       400      13.4748    17.5807    4.10594     6        153      
 5826.08 4       475      13.9455    17.5806    3.63505     7        165      
 5839.77 4       500      13.9455    17.5806    3.63505     5        171      
 5886.92 5       603      14.2662    17.5804    3.31425     7        187      
 5886.98 5       604      14.2662    17.5804    3.31425     7        187      
 5917.88 5       650      14.2662    17.5804    3.31425     4        198      
 5937.54 6       735      14.5266    17.5803    3.05372     5        204      
 5979.69 6       750      14.5266    17.5803    3.05372     6        217      
 6211.61 7       863      14.7666    17.58      2.81339     6        262      
 6211.7  7       864      14.7666    17.58      2.81339     6        262      
 6289.17 7       900      14.7666    17.58      2.81339     6        280      
 6362.19 8       993      14.9911    17.5795    2.58843     6        294      
 6379.79 8       1000     14.9911    17.5795    2.58843     6        298      
 6456.75 8       1050     14.9911    17.5795    2.58843     7        313      
 6509.44 9       1125     15.1708    17.5795    2.40868     7        322      
 6650.08 9       1150     15.1708    17.5795    2.40868     7        347      
 7000.33 10      1257     15.3439    17.5789    2.23502     8        388      
 7006.62 10      1258     15.3439    17.5789    2.23502     9        389      
 7172.39 10      1300     15.3439    17.5789    2.23502     7        412      
 7390.3  11      1389     15.4788    17.5784    2.09957     9        434      
 7459.91 11      1400     15.4788    17.5784    2.09957     6        443      
 7741.73 11      1450     15.4788    17.5784    2.09957     6        470      
 7809.54 12      1523     15.5895    17.5782    1.98872     6        475      
 8056    12      1550     15.5895    17.5782    1.98872     6        498      
 8605.71 13      1653     15.7391    17.578     1.83893     6        534      
 8616    13      1654     15.7391    17.578     1.83893     5        535      
 9331.04 13      1700     15.7391    17.578     1.83893     8        581      
 9723.24 14      1783     15.8347    17.578     1.74331     9        599      
 10016.2 14      1800     15.8347    17.578     1.74331     8        616      
 11004.8 15      1915     15.9333    17.5773    1.64392     16       659      
 11018.3 15      1916     15.9333    17.5773    1.64392     16       660      
 11222.8 15      1950     15.9333    17.5773    1.64392     7        673      
 11870   16      2047     16.0113    17.5771    1.56578     10       703      
 11926.1 16      2050     16.0113    17.5771    1.56578     6        706      
 12404.9 16      2100     16.0113    17.5771    1.56578     8        728      
 12610.6 17      2181     16.0764    17.577     1.50052     8        736      
 12849.1 17      2200     16.0764    17.577     1.50052     7        747      
 13326.3 18      2315     16.1474    17.5768    1.4294      9        767      
 13326.6 18      2316     16.1474    17.5768    1.4294      9        767      
 13593.3 18      2350     16.1474    17.5768    1.4294      8        778      
 14342.1 19      2449     16.2061    17.5768    1.3707      10       805      
 14342.5 19      2450     16.2061    17.5768    1.3707      9        805      
 14824.5 19      2500     16.2061    17.5768    1.3707      6        825      
 15183.9 20      2583     16.2498    17.5767    1.32694     10       840      
-------------------------------------------------------------------------------

SARSOP finishing ...
  Preset timeout reached
  Timeout     : 15000.000000s
  Actual Time : 15183.930000s

-------------------------------------------------------------------------------
 Time   |#Trial |#Backup |LBound    |UBound    |Precision  |#Alphas |#Beliefs  
-------------------------------------------------------------------------------
 15183.9 20      2583     16.2498    17.5767    1.32694     10       840      
-------------------------------------------------------------------------------

Writing out policy ...
  output file : appendix_alphas_harvestfirst/ca3705c772.policyx

