
Loading the model ...
  input file   : /home/rstudio/docs/pomdp-intro/appendix/appendix_alphas_harvestfirst/cb3705c772.pomdpx
  loading time : 5.02s 

SARSOP initializing ...
  initialization time : 7526.41s

-------------------------------------------------------------------------------
 Time   |#Trial |#Backup |LBound    |UBound    |Precision  |#Alphas |#Beliefs  
-------------------------------------------------------------------------------
 7526.41 0       0        6.92537    16.3774    9.45208     100      1        
 7539.24 0       50       7.24238    15.9623    8.71991     20       22       
 7550.62 1       121      8.46594    15.9605    7.49452     11       31       
 7565.75 1       150      8.46594    15.9605    7.49452     4        43       
 7592.38 2       247      9.50315    15.9594    6.4563      6        57       
 7597.4  2       250      9.50315    15.9594    6.4563      4        60       
 7620.86 2       300      9.50315    15.9594    6.4563      4        72       
 7645.44 3       381      10.2508    15.9589    5.70809     6        82       
 7658.16 3       400      10.2508    15.9589    5.70809     5        88       
 7684.87 4       515      10.7903    15.9585    5.16817     6        98       
 7687.34 4       516      10.7903    15.9585    5.16817     4        99       
 7709.23 4       550      10.7903    15.9585    5.16817     5        107      
 7735.13 5       651      11.1548    15.9581    4.8033      4        115      
 7735.18 5       652      11.1548    15.9581    4.8033      4        115      
 7865.53 5       700      11.1548    15.9581    4.8033      8        147      
 7916.86 6       789      11.5808    15.958     4.37716     6        155      
 7957.56 6       800      11.5808    15.958     4.37716     5        164      
 8156.09 6       850      11.5808    15.958     4.37716     7        199      
 8208.06 7       925      11.8978    15.9576    4.05979     6        205      
 8269.01 7       950      11.8978    15.9576    4.05979     5        216      
 8399.1  8       1063     12.1243    15.9566    3.83226     8        233      
 8399.21 8       1064     12.1243    15.9566    3.83226     6        233      
 8474.25 8       1100     12.1243    15.9566    3.83226     8        244      
 8539.41 9       1201     12.3257    15.9561    3.63041     8        252      
 8539.55 9       1202     12.3257    15.9561    3.63041     5        252      
 8598.82 9       1250     12.3257    15.9561    3.63041     7        261      
 8691.49 10      1339     12.4962    15.9559    3.45974     7        272      
 8773.65 10      1350     12.4962    15.9559    3.45974     5        282      
 9016.06 10      1400     12.4962    15.9559    3.45974     6        305      
 9104.88 11      1477     12.7097    15.9557    3.24601     6        313      
 9312.53 11      1500     12.7097    15.9557    3.24601     6        333      
 9489.76 12      1617     12.8475    15.9548    3.10729     6        346      
 9500.28 12      1618     12.8475    15.9548    3.10729     7        347      
 9897.43 12      1650     12.8475    15.9548    3.10729     8        378      
 10092.4 13      1757     12.9886    15.9543    2.96568     6        389      
 10092.6 13      1758     12.9886    15.9543    2.96568     5        389      
 10283.6 13      1800     12.9886    15.9543    2.96568     7        405      
 10610   14      1897     13.0985    15.9542    2.85563     7        426      
 10637.1 14      1900     13.0985    15.9542    2.85563     5        428      
 10761.9 14      1950     13.0985    15.9542    2.85563     5        438      
 10906.2 15      2037     13.2097    15.954     2.7443      9        447      
 11020.1 15      2050     13.2097    15.954     2.7443      7        455      
 11659.9 15      2100     13.2097    15.954     2.7443      9        489      
 11807.9 16      2177     13.3384    15.9538    2.61539     10       495      
 11849.5 16      2200     13.3384    15.9538    2.61539     5        498      
 12293.9 17      2317     13.4333    15.9536    2.52028     8        525      
 12311.2 17      2318     13.4333    15.9536    2.52028     7        526      
 13000.7 17      2350     13.4333    15.9536    2.52028     7        557      
 13412.6 18      2457     13.5209    15.9535    2.43254     9        572      
 13434.5 18      2458     13.5209    15.9535    2.43254     9        573      
 13722.8 18      2500     13.5209    15.9535    2.43254     9        586      
 14182   19      2597     13.6317    15.9533    2.32162     10       602      
 14182.3 19      2600     13.6317    15.9533    2.32162     7        602      
 14215.7 19      2650     13.6317    15.9533    2.32162     11       604      
 14444.4 20      2737     13.7026    15.9531    2.25055     12       615      
 14704.6 20      2750     13.7026    15.9531    2.25055     7        627      
 15291.2 20      2800     13.7026    15.9531    2.25055     9        655      
-------------------------------------------------------------------------------

SARSOP finishing ...
  Preset timeout reached
  Timeout     : 15000.000000s
  Actual Time : 15291.210000s

-------------------------------------------------------------------------------
 Time   |#Trial |#Backup |LBound    |UBound    |Precision  |#Alphas |#Beliefs  
-------------------------------------------------------------------------------
 15291.2 20      2800     13.7026    15.9531    2.25055     9        655      
-------------------------------------------------------------------------------

Writing out policy ...
  output file : appendix_alphas_harvestfirst/cb3705c772.policyx

